Start testing: Mar 16 13:09 EDT
----------------------------------------------------------
1/211 Testing: UnitTest.IdentificationAttributes
1/211 Test: UnitTest.IdentificationAttributes
Command: "/home/chris/Documents/Projects/grisha/karkas/build/tests/karkas_tests" "--gtest_filter=UnitTest.IdentificationAttributes" "--gtest_also_run_disabled_tests"
Directory: /home/chris/Documents/Projects/grisha/karkas/build/tests
"UnitTest.IdentificationAttributes" start time: Mar 16 13:09 EDT
Output:
----------------------------------------------------------
Running main() from /builddir/build/BUILD/gtest-1.15.2-build/googletest-1.15.2/googletest/src/gtest_main.cc
Note: Google Test filter = UnitTest.IdentificationAttributes
[==========] Running 1 test from 1 test suite.
[----------] Global test environment set-up.
[----------] 1 test from UnitTest
[ RUN      ] UnitTest.IdentificationAttributes
[       OK ] UnitTest.IdentificationAttributes (0 ms)
[----------] 1 test from UnitTest (0 ms total)

[----------] Global test environment tear-down
[==========] 1 test from 1 test suite ran. (0 ms total)
[  PASSED  ] 1 test.
<end of output>
Test time =   0.04 sec
----------------------------------------------------------
Test Passed.
"UnitTest.IdentificationAttributes" end time: Mar 16 13:09 EDT
"UnitTest.IdentificationAttributes" time elapsed: 00:00:00
----------------------------------------------------------

2/211 Testing: UnitTest.MobilityClassAssignment
2/211 Test: UnitTest.MobilityClassAssignment
Command: "/home/chris/Documents/Projects/grisha/karkas/build/tests/karkas_tests" "--gtest_filter=UnitTest.MobilityClassAssignment" "--gtest_also_run_disabled_tests"
Directory: /home/chris/Documents/Projects/grisha/karkas/build/tests
"UnitTest.MobilityClassAssignment" start time: Mar 16 13:09 EDT
Output:
----------------------------------------------------------
Running main() from /builddir/build/BUILD/gtest-1.15.2-build/googletest-1.15.2/googletest/src/gtest_main.cc
Note: Google Test filter = UnitTest.MobilityClassAssignment
[==========] Running 1 test from 1 test suite.
[----------] Global test environment set-up.
[----------] 1 test from UnitTest
[ RUN      ] UnitTest.MobilityClassAssignment
[       OK ] UnitTest.MobilityClassAssignment (0 ms)
[----------] 1 test from UnitTest (0 ms total)

[----------] Global test environment tear-down
[==========] 1 test from 1 test suite ran. (0 ms total)
[  PASSED  ] 1 test.
<end of output>
Test time =   0.04 sec
----------------------------------------------------------
Test Passed.
"UnitTest.MobilityClassAssignment" end time: Mar 16 13:09 EDT
"UnitTest.MobilityClassAssignment" time elapsed: 00:00:00
----------------------------------------------------------

3/211 Testing: UnitTest.PositionManagement
3/211 Test: UnitTest.PositionManagement
Command: "/home/chris/Documents/Projects/grisha/karkas/build/tests/karkas_tests" "--gtest_filter=UnitTest.PositionManagement" "--gtest_also_run_disabled_tests"
Directory: /home/chris/Documents/Projects/grisha/karkas/build/tests
"UnitTest.PositionManagement" start time: Mar 16 13:09 EDT
Output:
----------------------------------------------------------
Running main() from /builddir/build/BUILD/gtest-1.15.2-build/googletest-1.15.2/googletest/src/gtest_main.cc
Note: Google Test filter = UnitTest.PositionManagement
[==========] Running 1 test from 1 test suite.
[----------] Global test environment set-up.
[----------] 1 test from UnitTest
[ RUN      ] UnitTest.PositionManagement
[       OK ] UnitTest.PositionManagement (0 ms)
[----------] 1 test from UnitTest (0 ms total)

[----------] Global test environment tear-down
[==========] 1 test from 1 test suite ran. (0 ms total)
[  PASSED  ] 1 test.
<end of output>
Test time =   0.04 sec
----------------------------------------------------------
Test Passed.
"UnitTest.PositionManagement" end time: Mar 16 13:09 EDT
"UnitTest.PositionManagement" time elapsed: 00:00:00
----------------------------------------------------------

4/211 Testing: UnitTest.HeadingManagement
4/211 Test: UnitTest.HeadingManagement
Command: "/home/chris/Documents/Projects/grisha/karkas/build/tests/karkas_tests" "--gtest_filter=UnitTest.HeadingManagement" "--gtest_also_run_disabled_tests"
Directory: /home/chris/Documents/Projects/grisha/karkas/build/tests
"UnitTest.HeadingManagement" start time: Mar 16 13:09 EDT
Output:
----------------------------------------------------------
Running main() from /builddir/build/BUILD/gtest-1.15.2-build/googletest-1.15.2/googletest/src/gtest_main.cc
Note: Google Test filter = UnitTest.HeadingManagement
[==========] Running 1 test from 1 test suite.
[----------] Global test environment set-up.
[----------] 1 test from UnitTest
[ RUN      ] UnitTest.HeadingManagement
[       OK ] UnitTest.HeadingManagement (0 ms)
[----------] 1 test from UnitTest (0 ms total)

[----------] Global test environment tear-down
[==========] 1 test from 1 test suite ran. (0 ms total)
[  PASSED  ] 1 test.
<end of output>
Test time =   0.04 sec
----------------------------------------------------------
Test Passed.
"UnitTest.HeadingManagement" end time: Mar 16 13:09 EDT
"UnitTest.HeadingManagement" time elapsed: 00:00:00
----------------------------------------------------------

5/211 Testing: UnitTest.PostureManagement
5/211 Test: UnitTest.PostureManagement
Command: "/home/chris/Documents/Projects/grisha/karkas/build/tests/karkas_tests" "--gtest_filter=UnitTest.PostureManagement" "--gtest_also_run_disabled_tests"
Directory: /home/chris/Documents/Projects/grisha/karkas/build/tests
"UnitTest.PostureManagement" start time: Mar 16 13:09 EDT
Output:
----------------------------------------------------------
Running main() from /builddir/build/BUILD/gtest-1.15.2-build/googletest-1.15.2/googletest/src/gtest_main.cc
Note: Google Test filter = UnitTest.PostureManagement
[==========] Running 1 test from 1 test suite.
[----------] Global test environment set-up.
[----------] 1 test from UnitTest
[ RUN      ] UnitTest.PostureManagement
[       OK ] UnitTest.PostureManagement (0 ms)
[----------] 1 test from UnitTest (0 ms total)

[----------] Global test environment tear-down
[==========] 1 test from 1 test suite ran. (0 ms total)
[  PASSED  ] 1 test.
<end of output>
Test time =   0.04 sec
----------------------------------------------------------
Test Passed.
"UnitTest.PostureManagement" end time: Mar 16 13:09 EDT
"UnitTest.PostureManagement" time elapsed: 00:00:00
----------------------------------------------------------

6/211 Testing: UnitTest.ParentAssignment
6/211 Test: UnitTest.ParentAssignment
Command: "/home/chris/Documents/Projects/grisha/karkas/build/tests/karkas_tests" "--gtest_filter=UnitTest.ParentAssignment" "--gtest_also_run_disabled_tests"
Directory: /home/chris/Documents/Projects/grisha/karkas/build/tests
"UnitTest.ParentAssignment" start time: Mar 16 13:09 EDT
Output:
----------------------------------------------------------
Running main() from /builddir/build/BUILD/gtest-1.15.2-build/googletest-1.15.2/googletest/src/gtest_main.cc
Note: Google Test filter = UnitTest.ParentAssignment
[==========] Running 1 test from 1 test suite.
[----------] Global test environment set-up.
[----------] 1 test from UnitTest
[ RUN      ] UnitTest.ParentAssignment
[       OK ] UnitTest.ParentAssignment (0 ms)
[----------] 1 test from UnitTest (0 ms total)

[----------] Global test environment tear-down
[==========] 1 test from 1 test suite ran. (0 ms total)
[  PASSED  ] 1 test.
<end of output>
Test time =   0.04 sec
----------------------------------------------------------
Test Passed.
"UnitTest.ParentAssignment" end time: Mar 16 13:09 EDT
"UnitTest.ParentAssignment" time elapsed: 00:00:00
----------------------------------------------------------

7/211 Testing: UnitTest.SubordinateManagement
7/211 Test: UnitTest.SubordinateManagement
Command: "/home/chris/Documents/Projects/grisha/karkas/build/tests/karkas_tests" "--gtest_filter=UnitTest.SubordinateManagement" "--gtest_also_run_disabled_tests"
Directory: /home/chris/Documents/Projects/grisha/karkas/build/tests
"UnitTest.SubordinateManagement" start time: Mar 16 13:09 EDT
Output:
----------------------------------------------------------
Running main() from /builddir/build/BUILD/gtest-1.15.2-build/googletest-1.15.2/googletest/src/gtest_main.cc
Note: Google Test filter = UnitTest.SubordinateManagement
[==========] Running 1 test from 1 test suite.
[----------] Global test environment set-up.
[----------] 1 test from UnitTest
[ RUN      ] UnitTest.SubordinateManagement
[       OK ] UnitTest.SubordinateManagement (0 ms)
[----------] 1 test from UnitTest (0 ms total)

[----------] Global test environment tear-down
[==========] 1 test from 1 test suite ran. (0 ms total)
[  PASSED  ] 1 test.
<end of output>
Test time =   0.04 sec
----------------------------------------------------------
Test Passed.
"UnitTest.SubordinateManagement" end time: Mar 16 13:09 EDT
"UnitTest.SubordinateManagement" time elapsed: 00:00:00
----------------------------------------------------------

8/211 Testing: UnitTest.FuelConsumption
8/211 Test: UnitTest.FuelConsumption
Command: "/home/chris/Documents/Projects/grisha/karkas/build/tests/karkas_tests" "--gtest_filter=UnitTest.FuelConsumption" "--gtest_also_run_disabled_tests"
Directory: /home/chris/Documents/Projects/grisha/karkas/build/tests
"UnitTest.FuelConsumption" start time: Mar 16 13:09 EDT
Output:
----------------------------------------------------------
Running main() from /builddir/build/BUILD/gtest-1.15.2-build/googletest-1.15.2/googletest/src/gtest_main.cc
Note: Google Test filter = UnitTest.FuelConsumption
[==========] Running 1 test from 1 test suite.
[----------] Global test environment set-up.
[----------] 1 test from UnitTest
[ RUN      ] UnitTest.FuelConsumption
[       OK ] UnitTest.FuelConsumption (0 ms)
[----------] 1 test from UnitTest (0 ms total)

[----------] Global test environment tear-down
[==========] 1 test from 1 test suite ran. (0 ms total)
[  PASSED  ] 1 test.
<end of output>
Test time =   0.04 sec
----------------------------------------------------------
Test Passed.
"UnitTest.FuelConsumption" end time: Mar 16 13:09 EDT
"UnitTest.FuelConsumption" time elapsed: 00:00:00
----------------------------------------------------------

9/211 Testing: UnitTest.AmmoConsumption
9/211 Test: UnitTest.AmmoConsumption
Command: "/home/chris/Documents/Projects/grisha/karkas/build/tests/karkas_tests" "--gtest_filter=UnitTest.AmmoConsumption" "--gtest_also_run_disabled_tests"
Directory: /home/chris/Documents/Projects/grisha/karkas/build/tests
"UnitTest.AmmoConsumption" start time: Mar 16 13:09 EDT
Output:
----------------------------------------------------------
Running main() from /builddir/build/BUILD/gtest-1.15.2-build/googletest-1.15.2/googletest/src/gtest_main.cc
Note: Google Test filter = UnitTest.AmmoConsumption
[==========] Running 1 test from 1 test suite.
[----------] Global test environment set-up.
[----------] 1 test from UnitTest
[ RUN      ] UnitTest.AmmoConsumption
[       OK ] UnitTest.AmmoConsumption (0 ms)
[----------] 1 test from UnitTest (0 ms total)

[----------] Global test environment tear-down
[==========] 1 test from 1 test suite ran. (0 ms total)
[  PASSED  ] 1 test.
<end of output>
Test time =   0.04 sec
----------------------------------------------------------
Test Passed.
"UnitTest.AmmoConsumption" end time: Mar 16 13:09 EDT
"UnitTest.AmmoConsumption" time elapsed: 00:00:00
----------------------------------------------------------

10/211 Testing: UnitTest.Resupply
10/211 Test: UnitTest.Resupply
Command: "/home/chris/Documents/Projects/grisha/karkas/build/tests/karkas_tests" "--gtest_filter=UnitTest.Resupply" "--gtest_also_run_disabled_tests"
Directory: /home/chris/Documents/Projects/grisha/karkas/build/tests
"UnitTest.Resupply" start time: Mar 16 13:09 EDT
Output:
----------------------------------------------------------
Running main() from /builddir/build/BUILD/gtest-1.15.2-build/googletest-1.15.2/googletest/src/gtest_main.cc
Note: Google Test filter = UnitTest.Resupply
[==========] Running 1 test from 1 test suite.
[----------] Global test environment set-up.
[----------] 1 test from UnitTest
[ RUN      ] UnitTest.Resupply
[       OK ] UnitTest.Resupply (0 ms)
[----------] 1 test from UnitTest (0 ms total)

[----------] Global test environment tear-down
[==========] 1 test from 1 test suite ran. (0 ms total)
[  PASSED  ] 1 test.
<end of output>
Test time =   0.04 sec
----------------------------------------------------------
Test Passed.
"UnitTest.Resupply" end time: Mar 16 13:09 EDT
"UnitTest.Resupply" time elapsed: 00:00:00
----------------------------------------------------------

11/211 Testing: UnitTest.FatigueApplication
11/211 Test: UnitTest.FatigueApplication
Command: "/home/chris/Documents/Projects/grisha/karkas/build/tests/karkas_tests" "--gtest_filter=UnitTest.FatigueApplication" "--gtest_also_run_disabled_tests"
Directory: /home/chris/Documents/Projects/grisha/karkas/build/tests
"UnitTest.FatigueApplication" start time: Mar 16 13:09 EDT
Output:
----------------------------------------------------------
Running main() from /builddir/build/BUILD/gtest-1.15.2-build/googletest-1.15.2/googletest/src/gtest_main.cc
Note: Google Test filter = UnitTest.FatigueApplication
[==========] Running 1 test from 1 test suite.
[----------] Global test environment set-up.
[----------] 1 test from UnitTest
[ RUN      ] UnitTest.FatigueApplication
[       OK ] UnitTest.FatigueApplication (0 ms)
[----------] 1 test from UnitTest (0 ms total)

[----------] Global test environment tear-down
[==========] 1 test from 1 test suite ran. (0 ms total)
[  PASSED  ] 1 test.
<end of output>
Test time =   0.04 sec
----------------------------------------------------------
Test Passed.
"UnitTest.FatigueApplication" end time: Mar 16 13:09 EDT
"UnitTest.FatigueApplication" time elapsed: 00:00:00
----------------------------------------------------------

12/211 Testing: UnitTest.RestRecovery
12/211 Test: UnitTest.RestRecovery
Command: "/home/chris/Documents/Projects/grisha/karkas/build/tests/karkas_tests" "--gtest_filter=UnitTest.RestRecovery" "--gtest_also_run_disabled_tests"
Directory: /home/chris/Documents/Projects/grisha/karkas/build/tests
"UnitTest.RestRecovery" start time: Mar 16 13:09 EDT
Output:
----------------------------------------------------------
Running main() from /builddir/build/BUILD/gtest-1.15.2-build/googletest-1.15.2/googletest/src/gtest_main.cc
Note: Google Test filter = UnitTest.RestRecovery
[==========] Running 1 test from 1 test suite.
[----------] Global test environment set-up.
[----------] 1 test from UnitTest
[ RUN      ] UnitTest.RestRecovery
[       OK ] UnitTest.RestRecovery (0 ms)
[----------] 1 test from UnitTest (0 ms total)

[----------] Global test environment tear-down
[==========] 1 test from 1 test suite ran. (0 ms total)
[  PASSED  ] 1 test.
<end of output>
Test time =   0.04 sec
----------------------------------------------------------
Test Passed.
"UnitTest.RestRecovery" end time: Mar 16 13:09 EDT
"UnitTest.RestRecovery" time elapsed: 00:00:00
----------------------------------------------------------

13/211 Testing: UnitTest.MoraleEffects
13/211 Test: UnitTest.MoraleEffects
Command: "/home/chris/Documents/Projects/grisha/karkas/build/tests/karkas_tests" "--gtest_filter=UnitTest.MoraleEffects" "--gtest_also_run_disabled_tests"
Directory: /home/chris/Documents/Projects/grisha/karkas/build/tests
"UnitTest.MoraleEffects" start time: Mar 16 13:09 EDT
Output:
----------------------------------------------------------
Running main() from /builddir/build/BUILD/gtest-1.15.2-build/googletest-1.15.2/googletest/src/gtest_main.cc
Note: Google Test filter = UnitTest.MoraleEffects
[==========] Running 1 test from 1 test suite.
[----------] Global test environment set-up.
[----------] 1 test from UnitTest
[ RUN      ] UnitTest.MoraleEffects
[       OK ] UnitTest.MoraleEffects (0 ms)
[----------] 1 test from UnitTest (0 ms total)

[----------] Global test environment tear-down
[==========] 1 test from 1 test suite ran. (0 ms total)
[  PASSED  ] 1 test.
<end of output>
Test time =   0.04 sec
----------------------------------------------------------
Test Passed.
"UnitTest.MoraleEffects" end time: Mar 16 13:09 EDT
"UnitTest.MoraleEffects" time elapsed: 00:00:00
----------------------------------------------------------

14/211 Testing: UnitTest.InitialCombatEffectiveness
14/211 Test: UnitTest.InitialCombatEffectiveness
Command: "/home/chris/Documents/Projects/grisha/karkas/build/tests/karkas_tests" "--gtest_filter=UnitTest.InitialCombatEffectiveness" "--gtest_also_run_disabled_tests"
Directory: /home/chris/Documents/Projects/grisha/karkas/build/tests
"UnitTest.InitialCombatEffectiveness" start time: Mar 16 13:09 EDT
Output:
----------------------------------------------------------
Running main() from /builddir/build/BUILD/gtest-1.15.2-build/googletest-1.15.2/googletest/src/gtest_main.cc
Note: Google Test filter = UnitTest.InitialCombatEffectiveness
[==========] Running 1 test from 1 test suite.
[----------] Global test environment set-up.
[----------] 1 test from UnitTest
[ RUN      ] UnitTest.InitialCombatEffectiveness
[       OK ] UnitTest.InitialCombatEffectiveness (0 ms)
[----------] 1 test from UnitTest (0 ms total)

[----------] Global test environment tear-down
[==========] 1 test from 1 test suite ran. (0 ms total)
[  PASSED  ] 1 test.
<end of output>
Test time =   0.04 sec
----------------------------------------------------------
Test Passed.
"UnitTest.InitialCombatEffectiveness" end time: Mar 16 13:09 EDT
"UnitTest.InitialCombatEffectiveness" time elapsed: 00:00:00
----------------------------------------------------------

15/211 Testing: UnitTest.CombatEffectivenessWithLowAmmo
15/211 Test: UnitTest.CombatEffectivenessWithLowAmmo
Command: "/home/chris/Documents/Projects/grisha/karkas/build/tests/karkas_tests" "--gtest_filter=UnitTest.CombatEffectivenessWithLowAmmo" "--gtest_also_run_disabled_tests"
Directory: /home/chris/Documents/Projects/grisha/karkas/build/tests
"UnitTest.CombatEffectivenessWithLowAmmo" start time: Mar 16 13:09 EDT
Output:
----------------------------------------------------------
Running main() from /builddir/build/BUILD/gtest-1.15.2-build/googletest-1.15.2/googletest/src/gtest_main.cc
Note: Google Test filter = UnitTest.CombatEffectivenessWithLowAmmo
[==========] Running 1 test from 1 test suite.
[----------] Global test environment set-up.
[----------] 1 test from UnitTest
[ RUN      ] UnitTest.CombatEffectivenessWithLowAmmo
[       OK ] UnitTest.CombatEffectivenessWithLowAmmo (0 ms)
[----------] 1 test from UnitTest (0 ms total)

[----------] Global test environment tear-down
[==========] 1 test from 1 test suite ran. (0 ms total)
[  PASSED  ] 1 test.
<end of output>
Test time =   0.04 sec
----------------------------------------------------------
Test Passed.
"UnitTest.CombatEffectivenessWithLowAmmo" end time: Mar 16 13:09 EDT
"UnitTest.CombatEffectivenessWithLowAmmo" time elapsed: 00:00:00
----------------------------------------------------------

16/211 Testing: UnitTest.CasualtiesAffectEffectiveness
16/211 Test: UnitTest.CasualtiesAffectEffectiveness
Command: "/home/chris/Documents/Projects/grisha/karkas/build/tests/karkas_tests" "--gtest_filter=UnitTest.CasualtiesAffectEffectiveness" "--gtest_also_run_disabled_tests"
Directory: /home/chris/Documents/Projects/grisha/karkas/build/tests
"UnitTest.CasualtiesAffectEffectiveness" start time: Mar 16 13:09 EDT
Output:
----------------------------------------------------------
Running main() from /builddir/build/BUILD/gtest-1.15.2-build/googletest-1.15.2/googletest/src/gtest_main.cc
Note: Google Test filter = UnitTest.CasualtiesAffectEffectiveness
[==========] Running 1 test from 1 test suite.
[----------] Global test environment set-up.
[----------] 1 test from UnitTest
[ RUN      ] UnitTest.CasualtiesAffectEffectiveness
[       OK ] UnitTest.CasualtiesAffectEffectiveness (0 ms)
[----------] 1 test from UnitTest (0 ms total)

[----------] Global test environment tear-down
[==========] 1 test from 1 test suite ran. (0 ms total)
[  PASSED  ] 1 test.
<end of output>
Test time =   0.04 sec
----------------------------------------------------------
Test Passed.
"UnitTest.CasualtiesAffectEffectiveness" end time: Mar 16 13:09 EDT
"UnitTest.CasualtiesAffectEffectiveness" time elapsed: 00:00:00
----------------------------------------------------------

17/211 Testing: UnitTest.UnitDestruction
17/211 Test: UnitTest.UnitDestruction
Command: "/home/chris/Documents/Projects/grisha/karkas/build/tests/karkas_tests" "--gtest_filter=UnitTest.UnitDestruction" "--gtest_also_run_disabled_tests"
Directory: /home/chris/Documents/Projects/grisha/karkas/build/tests
"UnitTest.UnitDestruction" start time: Mar 16 13:09 EDT
Output:
----------------------------------------------------------
Running main() from /builddir/build/BUILD/gtest-1.15.2-build/googletest-1.15.2/googletest/src/gtest_main.cc
Note: Google Test filter = UnitTest.UnitDestruction
[==========] Running 1 test from 1 test suite.
[----------] Global test environment set-up.
[----------] 1 test from UnitTest
[ RUN      ] UnitTest.UnitDestruction
[       OK ] UnitTest.UnitDestruction (0 ms)
[----------] 1 test from UnitTest (0 ms total)

[----------] Global test environment tear-down
[==========] 1 test from 1 test suite ran. (0 ms total)
[  PASSED  ] 1 test.
<end of output>
Test time =   0.04 sec
----------------------------------------------------------
Test Passed.
"UnitTest.UnitDestruction" end time: Mar 16 13:09 EDT
"UnitTest.UnitDestruction" time elapsed: 00:00:00
----------------------------------------------------------

18/211 Testing: UnitTest.SensorManagement
18/211 Test: UnitTest.SensorManagement
Command: "/home/chris/Documents/Projects/grisha/karkas/build/tests/karkas_tests" "--gtest_filter=UnitTest.SensorManagement" "--gtest_also_run_disabled_tests"
Directory: /home/chris/Documents/Projects/grisha/karkas/build/tests
"UnitTest.SensorManagement" start time: Mar 16 13:09 EDT
Output:
----------------------------------------------------------
Running main() from /builddir/build/BUILD/gtest-1.15.2-build/googletest-1.15.2/googletest/src/gtest_main.cc
Note: Google Test filter = UnitTest.SensorManagement
[==========] Running 1 test from 1 test suite.
[----------] Global test environment set-up.
[----------] 1 test from UnitTest
[ RUN      ] UnitTest.SensorManagement
[       OK ] UnitTest.SensorManagement (0 ms)
[----------] 1 test from UnitTest (0 ms total)

[----------] Global test environment tear-down
[==========] 1 test from 1 test suite ran. (0 ms total)
[  PASSED  ] 1 test.
<end of output>
Test time =   0.04 sec
----------------------------------------------------------
Test Passed.
"UnitTest.SensorManagement" end time: Mar 16 13:09 EDT
"UnitTest.SensorManagement" time elapsed: 00:00:00
----------------------------------------------------------

19/211 Testing: UnitTest.MaxSensorRange
19/211 Test: UnitTest.MaxSensorRange
Command: "/home/chris/Documents/Projects/grisha/karkas/build/tests/karkas_tests" "--gtest_filter=UnitTest.MaxSensorRange" "--gtest_also_run_disabled_tests"
Directory: /home/chris/Documents/Projects/grisha/karkas/build/tests
"UnitTest.MaxSensorRange" start time: Mar 16 13:09 EDT
Output:
----------------------------------------------------------
Running main() from /builddir/build/BUILD/gtest-1.15.2-build/googletest-1.15.2/googletest/src/gtest_main.cc
Note: Google Test filter = UnitTest.MaxSensorRange
[==========] Running 1 test from 1 test suite.
[----------] Global test environment set-up.
[----------] 1 test from UnitTest
[ RUN      ] UnitTest.MaxSensorRange
[       OK ] UnitTest.MaxSensorRange (0 ms)
[----------] 1 test from UnitTest (0 ms total)

[----------] Global test environment tear-down
[==========] 1 test from 1 test suite ran. (0 ms total)
[  PASSED  ] 1 test.
<end of output>
Test time =   0.04 sec
----------------------------------------------------------
Test Passed.
"UnitTest.MaxSensorRange" end time: Mar 16 13:09 EDT
"UnitTest.MaxSensorRange" time elapsed: 00:00:00
----------------------------------------------------------

20/211 Testing: UnitTest.JammerManagement
20/211 Test: UnitTest.JammerManagement
Command: "/home/chris/Documents/Projects/grisha/karkas/build/tests/karkas_tests" "--gtest_filter=UnitTest.JammerManagement" "--gtest_also_run_disabled_tests"
Directory: /home/chris/Documents/Projects/grisha/karkas/build/tests
"UnitTest.JammerManagement" start time: Mar 16 13:09 EDT
Output:
----------------------------------------------------------
Running main() from /builddir/build/BUILD/gtest-1.15.2-build/googletest-1.15.2/googletest/src/gtest_main.cc
Note: Google Test filter = UnitTest.JammerManagement
[==========] Running 1 test from 1 test suite.
[----------] Global test environment set-up.
[----------] 1 test from UnitTest
[ RUN      ] UnitTest.JammerManagement
[       OK ] UnitTest.JammerManagement (0 ms)
[----------] 1 test from UnitTest (0 ms total)

[----------] Global test environment tear-down
[==========] 1 test from 1 test suite ran. (0 ms total)
[  PASSED  ] 1 test.
<end of output>
Test time =   0.04 sec
----------------------------------------------------------
Test Passed.
"UnitTest.JammerManagement" end time: Mar 16 13:09 EDT
"UnitTest.JammerManagement" time elapsed: 00:00:00
----------------------------------------------------------

21/211 Testing: UnitTest.OrderAssignment
21/211 Test: UnitTest.OrderAssignment
Command: "/home/chris/Documents/Projects/grisha/karkas/build/tests/karkas_tests" "--gtest_filter=UnitTest.OrderAssignment" "--gtest_also_run_disabled_tests"
Directory: /home/chris/Documents/Projects/grisha/karkas/build/tests
"UnitTest.OrderAssignment" start time: Mar 16 13:09 EDT
Output:
----------------------------------------------------------
Running main() from /builddir/build/BUILD/gtest-1.15.2-build/googletest-1.15.2/googletest/src/gtest_main.cc
Note: Google Test filter = UnitTest.OrderAssignment
[==========] Running 1 test from 1 test suite.
[----------] Global test environment set-up.
[----------] 1 test from UnitTest
[ RUN      ] UnitTest.OrderAssignment
[       OK ] UnitTest.OrderAssignment (0 ms)
[----------] 1 test from UnitTest (0 ms total)

[----------] Global test environment tear-down
[==========] 1 test from 1 test suite ran. (0 ms total)
[  PASSED  ] 1 test.
<end of output>
Test time =   0.04 sec
----------------------------------------------------------
Test Passed.
"UnitTest.OrderAssignment" end time: Mar 16 13:09 EDT
"UnitTest.OrderAssignment" time elapsed: 00:00:00
----------------------------------------------------------

22/211 Testing: UnitTest.MaxSpeed
22/211 Test: UnitTest.MaxSpeed
Command: "/home/chris/Documents/Projects/grisha/karkas/build/tests/karkas_tests" "--gtest_filter=UnitTest.MaxSpeed" "--gtest_also_run_disabled_tests"
Directory: /home/chris/Documents/Projects/grisha/karkas/build/tests
"UnitTest.MaxSpeed" start time: Mar 16 13:09 EDT
Output:
----------------------------------------------------------
Running main() from /builddir/build/BUILD/gtest-1.15.2-build/googletest-1.15.2/googletest/src/gtest_main.cc
Note: Google Test filter = UnitTest.MaxSpeed
[==========] Running 1 test from 1 test suite.
[----------] Global test environment set-up.
[----------] 1 test from UnitTest
[ RUN      ] UnitTest.MaxSpeed
[       OK ] UnitTest.MaxSpeed (0 ms)
[----------] 1 test from UnitTest (0 ms total)

[----------] Global test environment tear-down
[==========] 1 test from 1 test suite ran. (0 ms total)
[  PASSED  ] 1 test.
<end of output>
Test time =   0.04 sec
----------------------------------------------------------
Test Passed.
"UnitTest.MaxSpeed" end time: Mar 16 13:09 EDT
"UnitTest.MaxSpeed" time elapsed: 00:00:00
----------------------------------------------------------

23/211 Testing: UnitTest.TerrainSpeedModifiers
23/211 Test: UnitTest.TerrainSpeedModifiers
Command: "/home/chris/Documents/Projects/grisha/karkas/build/tests/karkas_tests" "--gtest_filter=UnitTest.TerrainSpeedModifiers" "--gtest_also_run_disabled_tests"
Directory: /home/chris/Documents/Projects/grisha/karkas/build/tests
"UnitTest.TerrainSpeedModifiers" start time: Mar 16 13:09 EDT
Output:
----------------------------------------------------------
Running main() from /builddir/build/BUILD/gtest-1.15.2-build/googletest-1.15.2/googletest/src/gtest_main.cc
Note: Google Test filter = UnitTest.TerrainSpeedModifiers
[==========] Running 1 test from 1 test suite.
[----------] Global test environment set-up.
[----------] 1 test from UnitTest
[ RUN      ] UnitTest.TerrainSpeedModifiers
[       OK ] UnitTest.TerrainSpeedModifiers (0 ms)
[----------] 1 test from UnitTest (0 ms total)

[----------] Global test environment tear-down
[==========] 1 test from 1 test suite ran. (0 ms total)
[  PASSED  ] 1 test.
<end of output>
Test time =   0.04 sec
----------------------------------------------------------
Test Passed.
"UnitTest.TerrainSpeedModifiers" end time: Mar 16 13:09 EDT
"UnitTest.TerrainSpeedModifiers" time elapsed: 00:00:00
----------------------------------------------------------

24/211 Testing: UnitTest.JsonSerialization
24/211 Test: UnitTest.JsonSerialization
Command: "/home/chris/Documents/Projects/grisha/karkas/build/tests/karkas_tests" "--gtest_filter=UnitTest.JsonSerialization" "--gtest_also_run_disabled_tests"
Directory: /home/chris/Documents/Projects/grisha/karkas/build/tests
"UnitTest.JsonSerialization" start time: Mar 16 13:09 EDT
Output:
----------------------------------------------------------
Running main() from /builddir/build/BUILD/gtest-1.15.2-build/googletest-1.15.2/googletest/src/gtest_main.cc
Note: Google Test filter = UnitTest.JsonSerialization
[==========] Running 1 test from 1 test suite.
[----------] Global test environment set-up.
[----------] 1 test from UnitTest
[ RUN      ] UnitTest.JsonSerialization
[       OK ] UnitTest.JsonSerialization (0 ms)
[----------] 1 test from UnitTest (0 ms total)

[----------] Global test environment tear-down
[==========] 1 test from 1 test suite ran. (0 ms total)
[  PASSED  ] 1 test.
<end of output>
Test time =   0.04 sec
----------------------------------------------------------
Test Passed.
"UnitTest.JsonSerialization" end time: Mar 16 13:09 EDT
"UnitTest.JsonSerialization" time elapsed: 00:00:00
----------------------------------------------------------

25/211 Testing: UnitTest.JsonRoundTrip
25/211 Test: UnitTest.JsonRoundTrip
Command: "/home/chris/Documents/Projects/grisha/karkas/build/tests/karkas_tests" "--gtest_filter=UnitTest.JsonRoundTrip" "--gtest_also_run_disabled_tests"
Directory: /home/chris/Documents/Projects/grisha/karkas/build/tests
"UnitTest.JsonRoundTrip" start time: Mar 16 13:09 EDT
Output:
----------------------------------------------------------
Running main() from /builddir/build/BUILD/gtest-1.15.2-build/googletest-1.15.2/googletest/src/gtest_main.cc
Note: Google Test filter = UnitTest.JsonRoundTrip
[==========] Running 1 test from 1 test suite.
[----------] Global test environment set-up.
[----------] 1 test from UnitTest
[ RUN      ] UnitTest.JsonRoundTrip
[       OK ] UnitTest.JsonRoundTrip (0 ms)
[----------] 1 test from UnitTest (0 ms total)

[----------] Global test environment tear-down
[==========] 1 test from 1 test suite ran. (0 ms total)
[  PASSED  ] 1 test.
<end of output>
Test time =   0.04 sec
----------------------------------------------------------
Test Passed.
"UnitTest.JsonRoundTrip" end time: Mar 16 13:09 EDT
"UnitTest.JsonRoundTrip" time elapsed: 00:00:00
----------------------------------------------------------

26/211 Testing: UnitTest.CombatPowerCalculation
26/211 Test: UnitTest.CombatPowerCalculation
Command: "/home/chris/Documents/Projects/grisha/karkas/build/tests/karkas_tests" "--gtest_filter=UnitTest.CombatPowerCalculation" "--gtest_also_run_disabled_tests"
Directory: /home/chris/Documents/Projects/grisha/karkas/build/tests
"UnitTest.CombatPowerCalculation" start time: Mar 16 13:09 EDT
Output:
----------------------------------------------------------
Running main() from /builddir/build/BUILD/gtest-1.15.2-build/googletest-1.15.2/googletest/src/gtest_main.cc
Note: Google Test filter = UnitTest.CombatPowerCalculation
[==========] Running 1 test from 1 test suite.
[----------] Global test environment set-up.
[----------] 1 test from UnitTest
[ RUN      ] UnitTest.CombatPowerCalculation
[       OK ] UnitTest.CombatPowerCalculation (0 ms)
[----------] 1 test from UnitTest (0 ms total)

[----------] Global test environment tear-down
[==========] 1 test from 1 test suite ran. (0 ms total)
[  PASSED  ] 1 test.
<end of output>
Test time =   0.04 sec
----------------------------------------------------------
Test Passed.
"UnitTest.CombatPowerCalculation" end time: Mar 16 13:09 EDT
"UnitTest.CombatPowerCalculation" time elapsed: 00:00:00
----------------------------------------------------------

27/211 Testing: UnitTest.DefendingBonusToDefense
27/211 Test: UnitTest.DefendingBonusToDefense
Command: "/home/chris/Documents/Projects/grisha/karkas/build/tests/karkas_tests" "--gtest_filter=UnitTest.DefendingBonusToDefense" "--gtest_also_run_disabled_tests"
Directory: /home/chris/Documents/Projects/grisha/karkas/build/tests
"UnitTest.DefendingBonusToDefense" start time: Mar 16 13:09 EDT
Output:
----------------------------------------------------------
Running main() from /builddir/build/BUILD/gtest-1.15.2-build/googletest-1.15.2/googletest/src/gtest_main.cc
Note: Google Test filter = UnitTest.DefendingBonusToDefense
[==========] Running 1 test from 1 test suite.
[----------] Global test environment set-up.
[----------] 1 test from UnitTest
[ RUN      ] UnitTest.DefendingBonusToDefense
[       OK ] UnitTest.DefendingBonusToDefense (0 ms)
[----------] 1 test from UnitTest (0 ms total)

[----------] Global test environment tear-down
[==========] 1 test from 1 test suite ran. (0 ms total)
[  PASSED  ] 1 test.
<end of output>
Test time =   0.04 sec
----------------------------------------------------------
Test Passed.
"UnitTest.DefendingBonusToDefense" end time: Mar 16 13:09 EDT
"UnitTest.DefendingBonusToDefense" time elapsed: 00:00:00
----------------------------------------------------------

28/211 Testing: UnitTypeTest.ReconUnit
28/211 Test: UnitTypeTest.ReconUnit
Command: "/home/chris/Documents/Projects/grisha/karkas/build/tests/karkas_tests" "--gtest_filter=UnitTypeTest.ReconUnit" "--gtest_also_run_disabled_tests"
Directory: /home/chris/Documents/Projects/grisha/karkas/build/tests
"UnitTypeTest.ReconUnit" start time: Mar 16 13:09 EDT
Output:
----------------------------------------------------------
Running main() from /builddir/build/BUILD/gtest-1.15.2-build/googletest-1.15.2/googletest/src/gtest_main.cc
Note: Google Test filter = UnitTypeTest.ReconUnit
[==========] Running 1 test from 1 test suite.
[----------] Global test environment set-up.
[----------] 1 test from UnitTypeTest
[ RUN      ] UnitTypeTest.ReconUnit
[       OK ] UnitTypeTest.ReconUnit (0 ms)
[----------] 1 test from UnitTypeTest (0 ms total)

[----------] Global test environment tear-down
[==========] 1 test from 1 test suite ran. (0 ms total)
[  PASSED  ] 1 test.
<end of output>
Test time =   0.04 sec
----------------------------------------------------------
Test Passed.
"UnitTypeTest.ReconUnit" end time: Mar 16 13:09 EDT
"UnitTypeTest.ReconUnit" time elapsed: 00:00:00
----------------------------------------------------------

29/211 Testing: UnitTypeTest.ArtilleryUnit
29/211 Test: UnitTypeTest.ArtilleryUnit
Command: "/home/chris/Documents/Projects/grisha/karkas/build/tests/karkas_tests" "--gtest_filter=UnitTypeTest.ArtilleryUnit" "--gtest_also_run_disabled_tests"
Directory: /home/chris/Documents/Projects/grisha/karkas/build/tests
"UnitTypeTest.ArtilleryUnit" start time: Mar 16 13:09 EDT
Output:
----------------------------------------------------------
Running main() from /builddir/build/BUILD/gtest-1.15.2-build/googletest-1.15.2/googletest/src/gtest_main.cc
Note: Google Test filter = UnitTypeTest.ArtilleryUnit
[==========] Running 1 test from 1 test suite.
[----------] Global test environment set-up.
[----------] 1 test from UnitTypeTest
[ RUN      ] UnitTypeTest.ArtilleryUnit
[       OK ] UnitTypeTest.ArtilleryUnit (0 ms)
[----------] 1 test from UnitTypeTest (0 ms total)

[----------] Global test environment tear-down
[==========] 1 test from 1 test suite ran. (0 ms total)
[  PASSED  ] 1 test.
<end of output>
Test time =   0.04 sec
----------------------------------------------------------
Test Passed.
"UnitTypeTest.ArtilleryUnit" end time: Mar 16 13:09 EDT
"UnitTypeTest.ArtilleryUnit" time elapsed: 00:00:00
----------------------------------------------------------

30/211 Testing: UnitTypeTest.AirDefenseUnit
30/211 Test: UnitTypeTest.AirDefenseUnit
Command: "/home/chris/Documents/Projects/grisha/karkas/build/tests/karkas_tests" "--gtest_filter=UnitTypeTest.AirDefenseUnit" "--gtest_also_run_disabled_tests"
Directory: /home/chris/Documents/Projects/grisha/karkas/build/tests
"UnitTypeTest.AirDefenseUnit" start time: Mar 16 13:09 EDT
Output:
----------------------------------------------------------
Running main() from /builddir/build/BUILD/gtest-1.15.2-build/googletest-1.15.2/googletest/src/gtest_main.cc
Note: Google Test filter = UnitTypeTest.AirDefenseUnit
[==========] Running 1 test from 1 test suite.
[----------] Global test environment set-up.
[----------] 1 test from UnitTypeTest
[ RUN      ] UnitTypeTest.AirDefenseUnit
[       OK ] UnitTypeTest.AirDefenseUnit (0 ms)
[----------] 1 test from UnitTypeTest (0 ms total)

[----------] Global test environment tear-down
[==========] 1 test from 1 test suite ran. (0 ms total)
[  PASSED  ] 1 test.
<end of output>
Test time =   0.04 sec
----------------------------------------------------------
Test Passed.
"UnitTypeTest.AirDefenseUnit" end time: Mar 16 13:09 EDT
"UnitTypeTest.AirDefenseUnit" time elapsed: 00:00:00
----------------------------------------------------------

31/211 Testing: OrbatManagerTest.UnitCount
31/211 Test: OrbatManagerTest.UnitCount
Command: "/home/chris/Documents/Projects/grisha/karkas/build/tests/karkas_tests" "--gtest_filter=OrbatManagerTest.UnitCount" "--gtest_also_run_disabled_tests"
Directory: /home/chris/Documents/Projects/grisha/karkas/build/tests
"OrbatManagerTest.UnitCount" start time: Mar 16 13:09 EDT
Output:
----------------------------------------------------------
Running main() from /builddir/build/BUILD/gtest-1.15.2-build/googletest-1.15.2/googletest/src/gtest_main.cc
Note: Google Test filter = OrbatManagerTest.UnitCount
[==========] Running 1 test from 1 test suite.
[----------] Global test environment set-up.
[----------] 1 test from OrbatManagerTest
[ RUN      ] OrbatManagerTest.UnitCount
[       OK ] OrbatManagerTest.UnitCount (0 ms)
[----------] 1 test from OrbatManagerTest (0 ms total)

[----------] Global test environment tear-down
[==========] 1 test from 1 test suite ran. (0 ms total)
[  PASSED  ] 1 test.
<end of output>
Test time =   0.04 sec
----------------------------------------------------------
Test Passed.
"OrbatManagerTest.UnitCount" end time: Mar 16 13:09 EDT
"OrbatManagerTest.UnitCount" time elapsed: 00:00:00
----------------------------------------------------------

32/211 Testing: OrbatManagerTest.FactionCount
32/211 Test: OrbatManagerTest.FactionCount
Command: "/home/chris/Documents/Projects/grisha/karkas/build/tests/karkas_tests" "--gtest_filter=OrbatManagerTest.FactionCount" "--gtest_also_run_disabled_tests"
Directory: /home/chris/Documents/Projects/grisha/karkas/build/tests
"OrbatManagerTest.FactionCount" start time: Mar 16 13:09 EDT
Output:
----------------------------------------------------------
Running main() from /builddir/build/BUILD/gtest-1.15.2-build/googletest-1.15.2/googletest/src/gtest_main.cc
Note: Google Test filter = OrbatManagerTest.FactionCount
[==========] Running 1 test from 1 test suite.
[----------] Global test environment set-up.
[----------] 1 test from OrbatManagerTest
[ RUN      ] OrbatManagerTest.FactionCount
[       OK ] OrbatManagerTest.FactionCount (0 ms)
[----------] 1 test from OrbatManagerTest (0 ms total)

[----------] Global test environment tear-down
[==========] 1 test from 1 test suite ran. (0 ms total)
[  PASSED  ] 1 test.
<end of output>
Test time =   0.04 sec
----------------------------------------------------------
Test Passed.
"OrbatManagerTest.FactionCount" end time: Mar 16 13:09 EDT
"OrbatManagerTest.FactionCount" time elapsed: 00:00:00
----------------------------------------------------------

33/211 Testing: OrbatManagerTest.GetUnit
33/211 Test: OrbatManagerTest.GetUnit
Command: "/home/chris/Documents/Projects/grisha/karkas/build/tests/karkas_tests" "--gtest_filter=OrbatManagerTest.GetUnit" "--gtest_also_run_disabled_tests"
Directory: /home/chris/Documents/Projects/grisha/karkas/build/tests
"OrbatManagerTest.GetUnit" start time: Mar 16 13:09 EDT
Output:
----------------------------------------------------------
Running main() from /builddir/build/BUILD/gtest-1.15.2-build/googletest-1.15.2/googletest/src/gtest_main.cc
Note: Google Test filter = OrbatManagerTest.GetUnit
[==========] Running 1 test from 1 test suite.
[----------] Global test environment set-up.
[----------] 1 test from OrbatManagerTest
[ RUN      ] OrbatManagerTest.GetUnit
[       OK ] OrbatManagerTest.GetUnit (0 ms)
[----------] 1 test from OrbatManagerTest (0 ms total)

[----------] Global test environment tear-down
[==========] 1 test from 1 test suite ran. (0 ms total)
[  PASSED  ] 1 test.
<end of output>
Test time =   0.04 sec
----------------------------------------------------------
Test Passed.
"OrbatManagerTest.GetUnit" end time: Mar 16 13:09 EDT
"OrbatManagerTest.GetUnit" time elapsed: 00:00:00
----------------------------------------------------------

34/211 Testing: OrbatManagerTest.GetNonexistentUnit
34/211 Test: OrbatManagerTest.GetNonexistentUnit
Command: "/home/chris/Documents/Projects/grisha/karkas/build/tests/karkas_tests" "--gtest_filter=OrbatManagerTest.GetNonexistentUnit" "--gtest_also_run_disabled_tests"
Directory: /home/chris/Documents/Projects/grisha/karkas/build/tests
"OrbatManagerTest.GetNonexistentUnit" start time: Mar 16 13:09 EDT
Output:
----------------------------------------------------------
Running main() from /builddir/build/BUILD/gtest-1.15.2-build/googletest-1.15.2/googletest/src/gtest_main.cc
Note: Google Test filter = OrbatManagerTest.GetNonexistentUnit
[==========] Running 1 test from 1 test suite.
[----------] Global test environment set-up.
[----------] 1 test from OrbatManagerTest
[ RUN      ] OrbatManagerTest.GetNonexistentUnit
[       OK ] OrbatManagerTest.GetNonexistentUnit (0 ms)
[----------] 1 test from OrbatManagerTest (0 ms total)

[----------] Global test environment tear-down
[==========] 1 test from 1 test suite ran. (0 ms total)
[  PASSED  ] 1 test.
<end of output>
Test time =   0.04 sec
----------------------------------------------------------
Test Passed.
"OrbatManagerTest.GetNonexistentUnit" end time: Mar 16 13:09 EDT
"OrbatManagerTest.GetNonexistentUnit" time elapsed: 00:00:00
----------------------------------------------------------

35/211 Testing: OrbatManagerTest.HasUnit
35/211 Test: OrbatManagerTest.HasUnit
Command: "/home/chris/Documents/Projects/grisha/karkas/build/tests/karkas_tests" "--gtest_filter=OrbatManagerTest.HasUnit" "--gtest_also_run_disabled_tests"
Directory: /home/chris/Documents/Projects/grisha/karkas/build/tests
"OrbatManagerTest.HasUnit" start time: Mar 16 13:09 EDT
Output:
----------------------------------------------------------
Running main() from /builddir/build/BUILD/gtest-1.15.2-build/googletest-1.15.2/googletest/src/gtest_main.cc
Note: Google Test filter = OrbatManagerTest.HasUnit
[==========] Running 1 test from 1 test suite.
[----------] Global test environment set-up.
[----------] 1 test from OrbatManagerTest
[ RUN      ] OrbatManagerTest.HasUnit
[       OK ] OrbatManagerTest.HasUnit (0 ms)
[----------] 1 test from OrbatManagerTest (0 ms total)

[----------] Global test environment tear-down
[==========] 1 test from 1 test suite ran. (0 ms total)
[  PASSED  ] 1 test.
<end of output>
Test time =   0.04 sec
----------------------------------------------------------
Test Passed.
"OrbatManagerTest.HasUnit" end time: Mar 16 13:09 EDT
"OrbatManagerTest.HasUnit" time elapsed: 00:00:00
----------------------------------------------------------

36/211 Testing: OrbatManagerTest.RemoveUnit
36/211 Test: OrbatManagerTest.RemoveUnit
Command: "/home/chris/Documents/Projects/grisha/karkas/build/tests/karkas_tests" "--gtest_filter=OrbatManagerTest.RemoveUnit" "--gtest_also_run_disabled_tests"
Directory: /home/chris/Documents/Projects/grisha/karkas/build/tests
"OrbatManagerTest.RemoveUnit" start time: Mar 16 13:09 EDT
Output:
----------------------------------------------------------
Running main() from /builddir/build/BUILD/gtest-1.15.2-build/googletest-1.15.2/googletest/src/gtest_main.cc
Note: Google Test filter = OrbatManagerTest.RemoveUnit
[==========] Running 1 test from 1 test suite.
[----------] Global test environment set-up.
[----------] 1 test from OrbatManagerTest
[ RUN      ] OrbatManagerTest.RemoveUnit
[       OK ] OrbatManagerTest.RemoveUnit (0 ms)
[----------] 1 test from OrbatManagerTest (0 ms total)

[----------] Global test environment tear-down
[==========] 1 test from 1 test suite ran. (0 ms total)
[  PASSED  ] 1 test.
<end of output>
Test time =   0.04 sec
----------------------------------------------------------
Test Passed.
"OrbatManagerTest.RemoveUnit" end time: Mar 16 13:09 EDT
"OrbatManagerTest.RemoveUnit" time elapsed: 00:00:00
----------------------------------------------------------

37/211 Testing: OrbatManagerTest.AddUnit
37/211 Test: OrbatManagerTest.AddUnit
Command: "/home/chris/Documents/Projects/grisha/karkas/build/tests/karkas_tests" "--gtest_filter=OrbatManagerTest.AddUnit" "--gtest_also_run_disabled_tests"
Directory: /home/chris/Documents/Projects/grisha/karkas/build/tests
"OrbatManagerTest.AddUnit" start time: Mar 16 13:09 EDT
Output:
----------------------------------------------------------
Running main() from /builddir/build/BUILD/gtest-1.15.2-build/googletest-1.15.2/googletest/src/gtest_main.cc
Note: Google Test filter = OrbatManagerTest.AddUnit
[==========] Running 1 test from 1 test suite.
[----------] Global test environment set-up.
[----------] 1 test from OrbatManagerTest
[ RUN      ] OrbatManagerTest.AddUnit
[       OK ] OrbatManagerTest.AddUnit (0 ms)
[----------] 1 test from OrbatManagerTest (0 ms total)

[----------] Global test environment tear-down
[==========] 1 test from 1 test suite ran. (0 ms total)
[  PASSED  ] 1 test.
<end of output>
Test time =   0.04 sec
----------------------------------------------------------
Test Passed.
"OrbatManagerTest.AddUnit" end time: Mar 16 13:09 EDT
"OrbatManagerTest.AddUnit" time elapsed: 00:00:00
----------------------------------------------------------

38/211 Testing: OrbatManagerTest.GetUnitsByFaction
38/211 Test: OrbatManagerTest.GetUnitsByFaction
Command: "/home/chris/Documents/Projects/grisha/karkas/build/tests/karkas_tests" "--gtest_filter=OrbatManagerTest.GetUnitsByFaction" "--gtest_also_run_disabled_tests"
Directory: /home/chris/Documents/Projects/grisha/karkas/build/tests
"OrbatManagerTest.GetUnitsByFaction" start time: Mar 16 13:09 EDT
Output:
----------------------------------------------------------
Running main() from /builddir/build/BUILD/gtest-1.15.2-build/googletest-1.15.2/googletest/src/gtest_main.cc
Note: Google Test filter = OrbatManagerTest.GetUnitsByFaction
[==========] Running 1 test from 1 test suite.
[----------] Global test environment set-up.
[----------] 1 test from OrbatManagerTest
[ RUN      ] OrbatManagerTest.GetUnitsByFaction
[       OK ] OrbatManagerTest.GetUnitsByFaction (0 ms)
[----------] 1 test from OrbatManagerTest (0 ms total)

[----------] Global test environment tear-down
[==========] 1 test from 1 test suite ran. (0 ms total)
[  PASSED  ] 1 test.
<end of output>
Test time =   0.04 sec
----------------------------------------------------------
Test Passed.
"OrbatManagerTest.GetUnitsByFaction" end time: Mar 16 13:09 EDT
"OrbatManagerTest.GetUnitsByFaction" time elapsed: 00:00:00
----------------------------------------------------------

39/211 Testing: OrbatManagerTest.GetUnitsByType
39/211 Test: OrbatManagerTest.GetUnitsByType
Command: "/home/chris/Documents/Projects/grisha/karkas/build/tests/karkas_tests" "--gtest_filter=OrbatManagerTest.GetUnitsByType" "--gtest_also_run_disabled_tests"
Directory: /home/chris/Documents/Projects/grisha/karkas/build/tests
"OrbatManagerTest.GetUnitsByType" start time: Mar 16 13:09 EDT
Output:
----------------------------------------------------------
Running main() from /builddir/build/BUILD/gtest-1.15.2-build/googletest-1.15.2/googletest/src/gtest_main.cc
Note: Google Test filter = OrbatManagerTest.GetUnitsByType
[==========] Running 1 test from 1 test suite.
[----------] Global test environment set-up.
[----------] 1 test from OrbatManagerTest
[ RUN      ] OrbatManagerTest.GetUnitsByType
[       OK ] OrbatManagerTest.GetUnitsByType (0 ms)
[----------] 1 test from OrbatManagerTest (0 ms total)

[----------] Global test environment tear-down
[==========] 1 test from 1 test suite ran. (0 ms total)
[  PASSED  ] 1 test.
<end of output>
Test time =   0.04 sec
----------------------------------------------------------
Test Passed.
"OrbatManagerTest.GetUnitsByType" end time: Mar 16 13:09 EDT
"OrbatManagerTest.GetUnitsByType" time elapsed: 00:00:00
----------------------------------------------------------

40/211 Testing: OrbatManagerTest.GetUnitsByFactionAndType
40/211 Test: OrbatManagerTest.GetUnitsByFactionAndType
Command: "/home/chris/Documents/Projects/grisha/karkas/build/tests/karkas_tests" "--gtest_filter=OrbatManagerTest.GetUnitsByFactionAndType" "--gtest_also_run_disabled_tests"
Directory: /home/chris/Documents/Projects/grisha/karkas/build/tests
"OrbatManagerTest.GetUnitsByFactionAndType" start time: Mar 16 13:09 EDT
Output:
----------------------------------------------------------
Running main() from /builddir/build/BUILD/gtest-1.15.2-build/googletest-1.15.2/googletest/src/gtest_main.cc
Note: Google Test filter = OrbatManagerTest.GetUnitsByFactionAndType
[==========] Running 1 test from 1 test suite.
[----------] Global test environment set-up.
[----------] 1 test from OrbatManagerTest
[ RUN      ] OrbatManagerTest.GetUnitsByFactionAndType
[       OK ] OrbatManagerTest.GetUnitsByFactionAndType (0 ms)
[----------] 1 test from OrbatManagerTest (0 ms total)

[----------] Global test environment tear-down
[==========] 1 test from 1 test suite ran. (0 ms total)
[  PASSED  ] 1 test.
<end of output>
Test time =   0.04 sec
----------------------------------------------------------
Test Passed.
"OrbatManagerTest.GetUnitsByFactionAndType" end time: Mar 16 13:09 EDT
"OrbatManagerTest.GetUnitsByFactionAndType" time elapsed: 00:00:00
----------------------------------------------------------

41/211 Testing: OrbatManagerTest.GetUnitsInRadius
41/211 Test: OrbatManagerTest.GetUnitsInRadius
Command: "/home/chris/Documents/Projects/grisha/karkas/build/tests/karkas_tests" "--gtest_filter=OrbatManagerTest.GetUnitsInRadius" "--gtest_also_run_disabled_tests"
Directory: /home/chris/Documents/Projects/grisha/karkas/build/tests
"OrbatManagerTest.GetUnitsInRadius" start time: Mar 16 13:09 EDT
Output:
----------------------------------------------------------
Running main() from /builddir/build/BUILD/gtest-1.15.2-build/googletest-1.15.2/googletest/src/gtest_main.cc
Note: Google Test filter = OrbatManagerTest.GetUnitsInRadius
[==========] Running 1 test from 1 test suite.
[----------] Global test environment set-up.
[----------] 1 test from OrbatManagerTest
[ RUN      ] OrbatManagerTest.GetUnitsInRadius
[       OK ] OrbatManagerTest.GetUnitsInRadius (0 ms)
[----------] 1 test from OrbatManagerTest (0 ms total)

[----------] Global test environment tear-down
[==========] 1 test from 1 test suite ran. (0 ms total)
[  PASSED  ] 1 test.
<end of output>
Test time =   0.04 sec
----------------------------------------------------------
Test Passed.
"OrbatManagerTest.GetUnitsInRadius" end time: Mar 16 13:09 EDT
"OrbatManagerTest.GetUnitsInRadius" time elapsed: 00:00:00
----------------------------------------------------------

42/211 Testing: OrbatManagerTest.GetUnitsInRadiusByFaction
42/211 Test: OrbatManagerTest.GetUnitsInRadiusByFaction
Command: "/home/chris/Documents/Projects/grisha/karkas/build/tests/karkas_tests" "--gtest_filter=OrbatManagerTest.GetUnitsInRadiusByFaction" "--gtest_also_run_disabled_tests"
Directory: /home/chris/Documents/Projects/grisha/karkas/build/tests
"OrbatManagerTest.GetUnitsInRadiusByFaction" start time: Mar 16 13:09 EDT
Output:
----------------------------------------------------------
Running main() from /builddir/build/BUILD/gtest-1.15.2-build/googletest-1.15.2/googletest/src/gtest_main.cc
Note: Google Test filter = OrbatManagerTest.GetUnitsInRadiusByFaction
[==========] Running 1 test from 1 test suite.
[----------] Global test environment set-up.
[----------] 1 test from OrbatManagerTest
[ RUN      ] OrbatManagerTest.GetUnitsInRadiusByFaction
[       OK ] OrbatManagerTest.GetUnitsInRadiusByFaction (0 ms)
[----------] 1 test from OrbatManagerTest (0 ms total)

[----------] Global test environment tear-down
[==========] 1 test from 1 test suite ran. (0 ms total)
[  PASSED  ] 1 test.
<end of output>
Test time =   0.04 sec
----------------------------------------------------------
Test Passed.
"OrbatManagerTest.GetUnitsInRadiusByFaction" end time: Mar 16 13:09 EDT
"OrbatManagerTest.GetUnitsInRadiusByFaction" time elapsed: 00:00:00
----------------------------------------------------------

43/211 Testing: OrbatManagerTest.GetUnitsInBox
43/211 Test: OrbatManagerTest.GetUnitsInBox
Command: "/home/chris/Documents/Projects/grisha/karkas/build/tests/karkas_tests" "--gtest_filter=OrbatManagerTest.GetUnitsInBox" "--gtest_also_run_disabled_tests"
Directory: /home/chris/Documents/Projects/grisha/karkas/build/tests
"OrbatManagerTest.GetUnitsInBox" start time: Mar 16 13:09 EDT
Output:
----------------------------------------------------------
Running main() from /builddir/build/BUILD/gtest-1.15.2-build/googletest-1.15.2/googletest/src/gtest_main.cc
Note: Google Test filter = OrbatManagerTest.GetUnitsInBox
[==========] Running 1 test from 1 test suite.
[----------] Global test environment set-up.
[----------] 1 test from OrbatManagerTest
[ RUN      ] OrbatManagerTest.GetUnitsInBox
[       OK ] OrbatManagerTest.GetUnitsInBox (0 ms)
[----------] 1 test from OrbatManagerTest (0 ms total)

[----------] Global test environment tear-down
[==========] 1 test from 1 test suite ran. (0 ms total)
[  PASSED  ] 1 test.
<end of output>
Test time =   0.04 sec
----------------------------------------------------------
Test Passed.
"OrbatManagerTest.GetUnitsInBox" end time: Mar 16 13:09 EDT
"OrbatManagerTest.GetUnitsInBox" time elapsed: 00:00:00
----------------------------------------------------------

44/211 Testing: OrbatManagerTest.GetParent
44/211 Test: OrbatManagerTest.GetParent
Command: "/home/chris/Documents/Projects/grisha/karkas/build/tests/karkas_tests" "--gtest_filter=OrbatManagerTest.GetParent" "--gtest_also_run_disabled_tests"
Directory: /home/chris/Documents/Projects/grisha/karkas/build/tests
"OrbatManagerTest.GetParent" start time: Mar 16 13:09 EDT
Output:
----------------------------------------------------------
Running main() from /builddir/build/BUILD/gtest-1.15.2-build/googletest-1.15.2/googletest/src/gtest_main.cc
Note: Google Test filter = OrbatManagerTest.GetParent
[==========] Running 1 test from 1 test suite.
[----------] Global test environment set-up.
[----------] 1 test from OrbatManagerTest
[ RUN      ] OrbatManagerTest.GetParent
[       OK ] OrbatManagerTest.GetParent (0 ms)
[----------] 1 test from OrbatManagerTest (0 ms total)

[----------] Global test environment tear-down
[==========] 1 test from 1 test suite ran. (0 ms total)
[  PASSED  ] 1 test.
<end of output>
Test time =   0.04 sec
----------------------------------------------------------
Test Passed.
"OrbatManagerTest.GetParent" end time: Mar 16 13:09 EDT
"OrbatManagerTest.GetParent" time elapsed: 00:00:00
----------------------------------------------------------

45/211 Testing: OrbatManagerTest.GetSubordinates
45/211 Test: OrbatManagerTest.GetSubordinates
Command: "/home/chris/Documents/Projects/grisha/karkas/build/tests/karkas_tests" "--gtest_filter=OrbatManagerTest.GetSubordinates" "--gtest_also_run_disabled_tests"
Directory: /home/chris/Documents/Projects/grisha/karkas/build/tests
"OrbatManagerTest.GetSubordinates" start time: Mar 16 13:09 EDT
Output:
----------------------------------------------------------
Running main() from /builddir/build/BUILD/gtest-1.15.2-build/googletest-1.15.2/googletest/src/gtest_main.cc
Note: Google Test filter = OrbatManagerTest.GetSubordinates
[==========] Running 1 test from 1 test suite.
[----------] Global test environment set-up.
[----------] 1 test from OrbatManagerTest
[ RUN      ] OrbatManagerTest.GetSubordinates
[       OK ] OrbatManagerTest.GetSubordinates (0 ms)
[----------] 1 test from OrbatManagerTest (0 ms total)

[----------] Global test environment tear-down
[==========] 1 test from 1 test suite ran. (0 ms total)
[  PASSED  ] 1 test.
<end of output>
Test time =   0.04 sec
----------------------------------------------------------
Test Passed.
"OrbatManagerTest.GetSubordinates" end time: Mar 16 13:09 EDT
"OrbatManagerTest.GetSubordinates" time elapsed: 00:00:00
----------------------------------------------------------

46/211 Testing: OrbatManagerTest.GetAllSubordinatesRecursive
46/211 Test: OrbatManagerTest.GetAllSubordinatesRecursive
Command: "/home/chris/Documents/Projects/grisha/karkas/build/tests/karkas_tests" "--gtest_filter=OrbatManagerTest.GetAllSubordinatesRecursive" "--gtest_also_run_disabled_tests"
Directory: /home/chris/Documents/Projects/grisha/karkas/build/tests
"OrbatManagerTest.GetAllSubordinatesRecursive" start time: Mar 16 13:09 EDT
Output:
----------------------------------------------------------
Running main() from /builddir/build/BUILD/gtest-1.15.2-build/googletest-1.15.2/googletest/src/gtest_main.cc
Note: Google Test filter = OrbatManagerTest.GetAllSubordinatesRecursive
[==========] Running 1 test from 1 test suite.
[----------] Global test environment set-up.
[----------] 1 test from OrbatManagerTest
[ RUN      ] OrbatManagerTest.GetAllSubordinatesRecursive
[       OK ] OrbatManagerTest.GetAllSubordinatesRecursive (0 ms)
[----------] 1 test from OrbatManagerTest (0 ms total)

[----------] Global test environment tear-down
[==========] 1 test from 1 test suite ran. (0 ms total)
[  PASSED  ] 1 test.
<end of output>
Test time =   0.04 sec
----------------------------------------------------------
Test Passed.
"OrbatManagerTest.GetAllSubordinatesRecursive" end time: Mar 16 13:09 EDT
"OrbatManagerTest.GetAllSubordinatesRecursive" time elapsed: 00:00:00
----------------------------------------------------------

47/211 Testing: OrbatManagerTest.GetHigherHQ
47/211 Test: OrbatManagerTest.GetHigherHQ
Command: "/home/chris/Documents/Projects/grisha/karkas/build/tests/karkas_tests" "--gtest_filter=OrbatManagerTest.GetHigherHQ" "--gtest_also_run_disabled_tests"
Directory: /home/chris/Documents/Projects/grisha/karkas/build/tests
"OrbatManagerTest.GetHigherHQ" start time: Mar 16 13:09 EDT
Output:
----------------------------------------------------------
Running main() from /builddir/build/BUILD/gtest-1.15.2-build/googletest-1.15.2/googletest/src/gtest_main.cc
Note: Google Test filter = OrbatManagerTest.GetHigherHQ
[==========] Running 1 test from 1 test suite.
[----------] Global test environment set-up.
[----------] 1 test from OrbatManagerTest
[ RUN      ] OrbatManagerTest.GetHigherHQ
[       OK ] OrbatManagerTest.GetHigherHQ (0 ms)
[----------] 1 test from OrbatManagerTest (0 ms total)

[----------] Global test environment tear-down
[==========] 1 test from 1 test suite ran. (0 ms total)
[  PASSED  ] 1 test.
<end of output>
Test time =   0.04 sec
----------------------------------------------------------
Test Passed.
"OrbatManagerTest.GetHigherHQ" end time: Mar 16 13:09 EDT
"OrbatManagerTest.GetHigherHQ" time elapsed: 00:00:00
----------------------------------------------------------

48/211 Testing: OrbatManagerTest.IsInCommandChain
48/211 Test: OrbatManagerTest.IsInCommandChain
Command: "/home/chris/Documents/Projects/grisha/karkas/build/tests/karkas_tests" "--gtest_filter=OrbatManagerTest.IsInCommandChain" "--gtest_also_run_disabled_tests"
Directory: /home/chris/Documents/Projects/grisha/karkas/build/tests
"OrbatManagerTest.IsInCommandChain" start time: Mar 16 13:09 EDT
Output:
----------------------------------------------------------
Running main() from /builddir/build/BUILD/gtest-1.15.2-build/googletest-1.15.2/googletest/src/gtest_main.cc
Note: Google Test filter = OrbatManagerTest.IsInCommandChain
[==========] Running 1 test from 1 test suite.
[----------] Global test environment set-up.
[----------] 1 test from OrbatManagerTest
[ RUN      ] OrbatManagerTest.IsInCommandChain
[       OK ] OrbatManagerTest.IsInCommandChain (0 ms)
[----------] 1 test from OrbatManagerTest (0 ms total)

[----------] Global test environment tear-down
[==========] 1 test from 1 test suite ran. (0 ms total)
[  PASSED  ] 1 test.
<end of output>
Test time =   0.04 sec
----------------------------------------------------------
Test Passed.
"OrbatManagerTest.IsInCommandChain" end time: Mar 16 13:09 EDT
"OrbatManagerTest.IsInCommandChain" time elapsed: 00:00:00
----------------------------------------------------------

49/211 Testing: OrbatManagerTest.GetCommandChain
49/211 Test: OrbatManagerTest.GetCommandChain
Command: "/home/chris/Documents/Projects/grisha/karkas/build/tests/karkas_tests" "--gtest_filter=OrbatManagerTest.GetCommandChain" "--gtest_also_run_disabled_tests"
Directory: /home/chris/Documents/Projects/grisha/karkas/build/tests
"OrbatManagerTest.GetCommandChain" start time: Mar 16 13:09 EDT
Output:
----------------------------------------------------------
Running main() from /builddir/build/BUILD/gtest-1.15.2-build/googletest-1.15.2/googletest/src/gtest_main.cc
Note: Google Test filter = OrbatManagerTest.GetCommandChain
[==========] Running 1 test from 1 test suite.
[----------] Global test environment set-up.
[----------] 1 test from OrbatManagerTest
[ RUN      ] OrbatManagerTest.GetCommandChain
[       OK ] OrbatManagerTest.GetCommandChain (0 ms)
[----------] 1 test from OrbatManagerTest (0 ms total)

[----------] Global test environment tear-down
[==========] 1 test from 1 test suite ran. (0 ms total)
[  PASSED  ] 1 test.
<end of output>
Test time =   0.04 sec
----------------------------------------------------------
Test Passed.
"OrbatManagerTest.GetCommandChain" end time: Mar 16 13:09 EDT
"OrbatManagerTest.GetCommandChain" time elapsed: 00:00:00
----------------------------------------------------------

50/211 Testing: OrbatManagerTest.ForEachUnit
50/211 Test: OrbatManagerTest.ForEachUnit
Command: "/home/chris/Documents/Projects/grisha/karkas/build/tests/karkas_tests" "--gtest_filter=OrbatManagerTest.ForEachUnit" "--gtest_also_run_disabled_tests"
Directory: /home/chris/Documents/Projects/grisha/karkas/build/tests
"OrbatManagerTest.ForEachUnit" start time: Mar 16 13:09 EDT
Output:
----------------------------------------------------------
Running main() from /builddir/build/BUILD/gtest-1.15.2-build/googletest-1.15.2/googletest/src/gtest_main.cc
Note: Google Test filter = OrbatManagerTest.ForEachUnit
[==========] Running 1 test from 1 test suite.
[----------] Global test environment set-up.
[----------] 1 test from OrbatManagerTest
[ RUN      ] OrbatManagerTest.ForEachUnit
[       OK ] OrbatManagerTest.ForEachUnit (0 ms)
[----------] 1 test from OrbatManagerTest (0 ms total)

[----------] Global test environment tear-down
[==========] 1 test from 1 test suite ran. (0 ms total)
[  PASSED  ] 1 test.
<end of output>
Test time =   0.04 sec
----------------------------------------------------------
Test Passed.
"OrbatManagerTest.ForEachUnit" end time: Mar 16 13:09 EDT
"OrbatManagerTest.ForEachUnit" time elapsed: 00:00:00
----------------------------------------------------------

51/211 Testing: OrbatManagerTest.ForEachUnitOfFaction
51/211 Test: OrbatManagerTest.ForEachUnitOfFaction
Command: "/home/chris/Documents/Projects/grisha/karkas/build/tests/karkas_tests" "--gtest_filter=OrbatManagerTest.ForEachUnitOfFaction" "--gtest_also_run_disabled_tests"
Directory: /home/chris/Documents/Projects/grisha/karkas/build/tests
"OrbatManagerTest.ForEachUnitOfFaction" start time: Mar 16 13:09 EDT
Output:
----------------------------------------------------------
Running main() from /builddir/build/BUILD/gtest-1.15.2-build/googletest-1.15.2/googletest/src/gtest_main.cc
Note: Google Test filter = OrbatManagerTest.ForEachUnitOfFaction
[==========] Running 1 test from 1 test suite.
[----------] Global test environment set-up.
[----------] 1 test from OrbatManagerTest
[ RUN      ] OrbatManagerTest.ForEachUnitOfFaction
[       OK ] OrbatManagerTest.ForEachUnitOfFaction (0 ms)
[----------] 1 test from OrbatManagerTest (0 ms total)

[----------] Global test environment tear-down
[==========] 1 test from 1 test suite ran. (0 ms total)
[  PASSED  ] 1 test.
<end of output>
Test time =   0.04 sec
----------------------------------------------------------
Test Passed.
"OrbatManagerTest.ForEachUnitOfFaction" end time: Mar 16 13:09 EDT
"OrbatManagerTest.ForEachUnitOfFaction" time elapsed: 00:00:00
----------------------------------------------------------

52/211 Testing: OrbatManagerTest.CountCombatEffective
52/211 Test: OrbatManagerTest.CountCombatEffective
Command: "/home/chris/Documents/Projects/grisha/karkas/build/tests/karkas_tests" "--gtest_filter=OrbatManagerTest.CountCombatEffective" "--gtest_also_run_disabled_tests"
Directory: /home/chris/Documents/Projects/grisha/karkas/build/tests
"OrbatManagerTest.CountCombatEffective" start time: Mar 16 13:09 EDT
Output:
----------------------------------------------------------
Running main() from /builddir/build/BUILD/gtest-1.15.2-build/googletest-1.15.2/googletest/src/gtest_main.cc
Note: Google Test filter = OrbatManagerTest.CountCombatEffective
[==========] Running 1 test from 1 test suite.
[----------] Global test environment set-up.
[----------] 1 test from OrbatManagerTest
[ RUN      ] OrbatManagerTest.CountCombatEffective
[       OK ] OrbatManagerTest.CountCombatEffective (0 ms)
[----------] 1 test from OrbatManagerTest (0 ms total)

[----------] Global test environment tear-down
[==========] 1 test from 1 test suite ran. (0 ms total)
[  PASSED  ] 1 test.
<end of output>
Test time =   0.04 sec
----------------------------------------------------------
Test Passed.
"OrbatManagerTest.CountCombatEffective" end time: Mar 16 13:09 EDT
"OrbatManagerTest.CountCombatEffective" time elapsed: 00:00:00
----------------------------------------------------------

53/211 Testing: OrbatManagerTest.JsonSerialization
53/211 Test: OrbatManagerTest.JsonSerialization
Command: "/home/chris/Documents/Projects/grisha/karkas/build/tests/karkas_tests" "--gtest_filter=OrbatManagerTest.JsonSerialization" "--gtest_also_run_disabled_tests"
Directory: /home/chris/Documents/Projects/grisha/karkas/build/tests
"OrbatManagerTest.JsonSerialization" start time: Mar 16 13:09 EDT
Output:
----------------------------------------------------------
Running main() from /builddir/build/BUILD/gtest-1.15.2-build/googletest-1.15.2/googletest/src/gtest_main.cc
Note: Google Test filter = OrbatManagerTest.JsonSerialization
[==========] Running 1 test from 1 test suite.
[----------] Global test environment set-up.
[----------] 1 test from OrbatManagerTest
[ RUN      ] OrbatManagerTest.JsonSerialization
[       OK ] OrbatManagerTest.JsonSerialization (0 ms)
[----------] 1 test from OrbatManagerTest (0 ms total)

[----------] Global test environment tear-down
[==========] 1 test from 1 test suite ran. (0 ms total)
[  PASSED  ] 1 test.
<end of output>
Test time =   0.04 sec
----------------------------------------------------------
Test Passed.
"OrbatManagerTest.JsonSerialization" end time: Mar 16 13:09 EDT
"OrbatManagerTest.JsonSerialization" time elapsed: 00:00:00
----------------------------------------------------------

54/211 Testing: OrbatManagerTest.JsonRoundTrip
54/211 Test: OrbatManagerTest.JsonRoundTrip
Command: "/home/chris/Documents/Projects/grisha/karkas/build/tests/karkas_tests" "--gtest_filter=OrbatManagerTest.JsonRoundTrip" "--gtest_also_run_disabled_tests"
Directory: /home/chris/Documents/Projects/grisha/karkas/build/tests
"OrbatManagerTest.JsonRoundTrip" start time: Mar 16 13:09 EDT
Output:
----------------------------------------------------------
Running main() from /builddir/build/BUILD/gtest-1.15.2-build/googletest-1.15.2/googletest/src/gtest_main.cc
Note: Google Test filter = OrbatManagerTest.JsonRoundTrip
[==========] Running 1 test from 1 test suite.
[----------] Global test environment set-up.
[----------] 1 test from OrbatManagerTest
[ RUN      ] OrbatManagerTest.JsonRoundTrip
[       OK ] OrbatManagerTest.JsonRoundTrip (0 ms)
[----------] 1 test from OrbatManagerTest (0 ms total)

[----------] Global test environment tear-down
[==========] 1 test from 1 test suite ran. (0 ms total)
[  PASSED  ] 1 test.
<end of output>
Test time =   0.04 sec
----------------------------------------------------------
Test Passed.
"OrbatManagerTest.JsonRoundTrip" end time: Mar 16 13:09 EDT
"OrbatManagerTest.JsonRoundTrip" time elapsed: 00:00:00
----------------------------------------------------------

55/211 Testing: OrbatManagerTest.SpatialIndexUpdatesOnMove
55/211 Test: OrbatManagerTest.SpatialIndexUpdatesOnMove
Command: "/home/chris/Documents/Projects/grisha/karkas/build/tests/karkas_tests" "--gtest_filter=OrbatManagerTest.SpatialIndexUpdatesOnMove" "--gtest_also_run_disabled_tests"
Directory: /home/chris/Documents/Projects/grisha/karkas/build/tests
"OrbatManagerTest.SpatialIndexUpdatesOnMove" start time: Mar 16 13:09 EDT
Output:
----------------------------------------------------------
Running main() from /builddir/build/BUILD/gtest-1.15.2-build/googletest-1.15.2/googletest/src/gtest_main.cc
Note: Google Test filter = OrbatManagerTest.SpatialIndexUpdatesOnMove
[==========] Running 1 test from 1 test suite.
[----------] Global test environment set-up.
[----------] 1 test from OrbatManagerTest
[ RUN      ] OrbatManagerTest.SpatialIndexUpdatesOnMove
[       OK ] OrbatManagerTest.SpatialIndexUpdatesOnMove (0 ms)
[----------] 1 test from OrbatManagerTest (0 ms total)

[----------] Global test environment tear-down
[==========] 1 test from 1 test suite ran. (0 ms total)
[  PASSED  ] 1 test.
<end of output>
Test time =   0.04 sec
----------------------------------------------------------
Test Passed.
"OrbatManagerTest.SpatialIndexUpdatesOnMove" end time: Mar 16 13:09 EDT
"OrbatManagerTest.SpatialIndexUpdatesOnMove" time elapsed: 00:00:00
----------------------------------------------------------

56/211 Testing: OrbatManagerTest.ConstAccess
56/211 Test: OrbatManagerTest.ConstAccess
Command: "/home/chris/Documents/Projects/grisha/karkas/build/tests/karkas_tests" "--gtest_filter=OrbatManagerTest.ConstAccess" "--gtest_also_run_disabled_tests"
Directory: /home/chris/Documents/Projects/grisha/karkas/build/tests
"OrbatManagerTest.ConstAccess" start time: Mar 16 13:09 EDT
Output:
----------------------------------------------------------
Running main() from /builddir/build/BUILD/gtest-1.15.2-build/googletest-1.15.2/googletest/src/gtest_main.cc
Note: Google Test filter = OrbatManagerTest.ConstAccess
[==========] Running 1 test from 1 test suite.
[----------] Global test environment set-up.
[----------] 1 test from OrbatManagerTest
[ RUN      ] OrbatManagerTest.ConstAccess
[       OK ] OrbatManagerTest.ConstAccess (0 ms)
[----------] 1 test from OrbatManagerTest (0 ms total)

[----------] Global test environment tear-down
[==========] 1 test from 1 test suite ran. (0 ms total)
[  PASSED  ] 1 test.
<end of output>
Test time =   0.04 sec
----------------------------------------------------------
Test Passed.
"OrbatManagerTest.ConstAccess" end time: Mar 16 13:09 EDT
"OrbatManagerTest.ConstAccess" time elapsed: 00:00:00
----------------------------------------------------------

57/211 Testing: OrbatManagerEmptyTest.EmptyOrbat
57/211 Test: OrbatManagerEmptyTest.EmptyOrbat
Command: "/home/chris/Documents/Projects/grisha/karkas/build/tests/karkas_tests" "--gtest_filter=OrbatManagerEmptyTest.EmptyOrbat" "--gtest_also_run_disabled_tests"
Directory: /home/chris/Documents/Projects/grisha/karkas/build/tests
"OrbatManagerEmptyTest.EmptyOrbat" start time: Mar 16 13:09 EDT
Output:
----------------------------------------------------------
Running main() from /builddir/build/BUILD/gtest-1.15.2-build/googletest-1.15.2/googletest/src/gtest_main.cc
Note: Google Test filter = OrbatManagerEmptyTest.EmptyOrbat
[==========] Running 1 test from 1 test suite.
[----------] Global test environment set-up.
[----------] 1 test from OrbatManagerEmptyTest
[ RUN      ] OrbatManagerEmptyTest.EmptyOrbat
[       OK ] OrbatManagerEmptyTest.EmptyOrbat (0 ms)
[----------] 1 test from OrbatManagerEmptyTest (0 ms total)

[----------] Global test environment tear-down
[==========] 1 test from 1 test suite ran. (0 ms total)
[  PASSED  ] 1 test.
<end of output>
Test time =   0.04 sec
----------------------------------------------------------
Test Passed.
"OrbatManagerEmptyTest.EmptyOrbat" end time: Mar 16 13:09 EDT
"OrbatManagerEmptyTest.EmptyOrbat" time elapsed: 00:00:00
----------------------------------------------------------

58/211 Testing: TerrainEngineTest.TerrainLoaded
58/211 Test: TerrainEngineTest.TerrainLoaded
Command: "/home/chris/Documents/Projects/grisha/karkas/build/tests/karkas_tests" "--gtest_filter=TerrainEngineTest.TerrainLoaded" "--gtest_also_run_disabled_tests"
Directory: /home/chris/Documents/Projects/grisha/karkas/build/tests
"TerrainEngineTest.TerrainLoaded" start time: Mar 16 13:09 EDT
Output:
----------------------------------------------------------
Running main() from /builddir/build/BUILD/gtest-1.15.2-build/googletest-1.15.2/googletest/src/gtest_main.cc
Note: Google Test filter = TerrainEngineTest.TerrainLoaded
[==========] Running 1 test from 1 test suite.
[----------] Global test environment set-up.
[----------] 1 test from TerrainEngineTest
[ RUN      ] TerrainEngineTest.TerrainLoaded
[       OK ] TerrainEngineTest.TerrainLoaded (579 ms)
[----------] 1 test from TerrainEngineTest (579 ms total)

[----------] Global test environment tear-down
[==========] 1 test from 1 test suite ran. (579 ms total)
[  PASSED  ] 1 test.
<end of output>
Test time =   0.62 sec
----------------------------------------------------------
Test Passed.
"TerrainEngineTest.TerrainLoaded" end time: Mar 16 13:09 EDT
"TerrainEngineTest.TerrainLoaded" time elapsed: 00:00:00
----------------------------------------------------------

59/211 Testing: TerrainEngineTest.BoundsValid
59/211 Test: TerrainEngineTest.BoundsValid
Command: "/home/chris/Documents/Projects/grisha/karkas/build/tests/karkas_tests" "--gtest_filter=TerrainEngineTest.BoundsValid" "--gtest_also_run_disabled_tests"
Directory: /home/chris/Documents/Projects/grisha/karkas/build/tests
"TerrainEngineTest.BoundsValid" start time: Mar 16 13:09 EDT
Output:
----------------------------------------------------------
Running main() from /builddir/build/BUILD/gtest-1.15.2-build/googletest-1.15.2/googletest/src/gtest_main.cc
Note: Google Test filter = TerrainEngineTest.BoundsValid
[==========] Running 1 test from 1 test suite.
[----------] Global test environment set-up.
[----------] 1 test from TerrainEngineTest
[ RUN      ] TerrainEngineTest.BoundsValid
[       OK ] TerrainEngineTest.BoundsValid (578 ms)
[----------] 1 test from TerrainEngineTest (578 ms total)

[----------] Global test environment tear-down
[==========] 1 test from 1 test suite ran. (578 ms total)
[  PASSED  ] 1 test.
<end of output>
Test time =   0.62 sec
----------------------------------------------------------
Test Passed.
"TerrainEngineTest.BoundsValid" end time: Mar 16 13:09 EDT
"TerrainEngineTest.BoundsValid" time elapsed: 00:00:00
----------------------------------------------------------

60/211 Testing: TerrainEngineTest.GetCell
60/211 Test: TerrainEngineTest.GetCell
Command: "/home/chris/Documents/Projects/grisha/karkas/build/tests/karkas_tests" "--gtest_filter=TerrainEngineTest.GetCell" "--gtest_also_run_disabled_tests"
Directory: /home/chris/Documents/Projects/grisha/karkas/build/tests
"TerrainEngineTest.GetCell" start time: Mar 16 13:09 EDT
Output:
----------------------------------------------------------
Running main() from /builddir/build/BUILD/gtest-1.15.2-build/googletest-1.15.2/googletest/src/gtest_main.cc
Note: Google Test filter = TerrainEngineTest.GetCell
[==========] Running 1 test from 1 test suite.
[----------] Global test environment set-up.
[----------] 1 test from TerrainEngineTest
[ RUN      ] TerrainEngineTest.GetCell
[       OK ] TerrainEngineTest.GetCell (584 ms)
[----------] 1 test from TerrainEngineTest (584 ms total)

[----------] Global test environment tear-down
[==========] 1 test from 1 test suite ran. (584 ms total)
[  PASSED  ] 1 test.
<end of output>
Test time =   0.63 sec
----------------------------------------------------------
Test Passed.
"TerrainEngineTest.GetCell" end time: Mar 16 13:09 EDT
"TerrainEngineTest.GetCell" time elapsed: 00:00:00
----------------------------------------------------------

61/211 Testing: TerrainEngineTest.GetElevation
61/211 Test: TerrainEngineTest.GetElevation
Command: "/home/chris/Documents/Projects/grisha/karkas/build/tests/karkas_tests" "--gtest_filter=TerrainEngineTest.GetElevation" "--gtest_also_run_disabled_tests"
Directory: /home/chris/Documents/Projects/grisha/karkas/build/tests
"TerrainEngineTest.GetElevation" start time: Mar 16 13:09 EDT
Output:
----------------------------------------------------------
Running main() from /builddir/build/BUILD/gtest-1.15.2-build/googletest-1.15.2/googletest/src/gtest_main.cc
Note: Google Test filter = TerrainEngineTest.GetElevation
[==========] Running 1 test from 1 test suite.
[----------] Global test environment set-up.
[----------] 1 test from TerrainEngineTest
[ RUN      ] TerrainEngineTest.GetElevation
[       OK ] TerrainEngineTest.GetElevation (571 ms)
[----------] 1 test from TerrainEngineTest (571 ms total)

[----------] Global test environment tear-down
[==========] 1 test from 1 test suite ran. (571 ms total)
[  PASSED  ] 1 test.
<end of output>
Test time =   0.61 sec
----------------------------------------------------------
Test Passed.
"TerrainEngineTest.GetElevation" end time: Mar 16 13:09 EDT
"TerrainEngineTest.GetElevation" time elapsed: 00:00:00
----------------------------------------------------------

62/211 Testing: TerrainEngineTest.GetTerrainType
62/211 Test: TerrainEngineTest.GetTerrainType
Command: "/home/chris/Documents/Projects/grisha/karkas/build/tests/karkas_tests" "--gtest_filter=TerrainEngineTest.GetTerrainType" "--gtest_also_run_disabled_tests"
Directory: /home/chris/Documents/Projects/grisha/karkas/build/tests
"TerrainEngineTest.GetTerrainType" start time: Mar 16 13:09 EDT
Output:
----------------------------------------------------------
Running main() from /builddir/build/BUILD/gtest-1.15.2-build/googletest-1.15.2/googletest/src/gtest_main.cc
Note: Google Test filter = TerrainEngineTest.GetTerrainType
[==========] Running 1 test from 1 test suite.
[...]
[----------] 1 test from SimulationTest (393 ms total)

[----------] Global test environment tear-down
[==========] 1 test from 1 test suite ran. (393 ms total)
[  PASSED  ] 1 test.
<end of output>
Test time =   0.44 sec
----------------------------------------------------------
Test Passed.
"SimulationTest.MultiTurnSimulation" end time: Mar 16 13:10 EDT
"SimulationTest.MultiTurnSimulation" time elapsed: 00:00:00
----------------------------------------------------------

197/211 Testing: SimulationTest.SaveAndLoadGame
197/211 Test: SimulationTest.SaveAndLoadGame
Command: "/home/chris/Documents/Projects/grisha/karkas/build/tests/karkas_tests" "--gtest_filter=SimulationTest.SaveAndLoadGame" "--gtest_also_run_disabled_tests"
Directory: /home/chris/Documents/Projects/grisha/karkas/build/tests
"SimulationTest.SaveAndLoadGame" start time: Mar 16 13:10 EDT
Output:
----------------------------------------------------------
Running main() from /builddir/build/BUILD/gtest-1.15.2-build/googletest-1.15.2/googletest/src/gtest_main.cc
Note: Google Test filter = SimulationTest.SaveAndLoadGame
[==========] Running 1 test from 1 test suite.
[----------] Global test environment set-up.
[----------] 1 test from SimulationTest
[ RUN      ] SimulationTest.SaveAndLoadGame
[       OK ] SimulationTest.SaveAndLoadGame (386 ms)
[----------] 1 test from SimulationTest (386 ms total)

[----------] Global test environment tear-down
[==========] 1 test from 1 test suite ran. (386 ms total)
[  PASSED  ] 1 test.
<end of output>
Test time =   0.43 sec
----------------------------------------------------------
Test Passed.
"SimulationTest.SaveAndLoadGame" end time: Mar 16 13:10 EDT
"SimulationTest.SaveAndLoadGame" time elapsed: 00:00:00
----------------------------------------------------------

198/211 Testing: SimulationTest.VictoryConditions
198/211 Test: SimulationTest.VictoryConditions
Command: "/home/chris/Documents/Projects/grisha/karkas/build/tests/karkas_tests" "--gtest_filter=SimulationTest.VictoryConditions" "--gtest_also_run_disabled_tests"
Directory: /home/chris/Documents/Projects/grisha/karkas/build/tests
"SimulationTest.VictoryConditions" start time: Mar 16 13:10 EDT
Output:
----------------------------------------------------------
Running main() from /builddir/build/BUILD/gtest-1.15.2-build/googletest-1.15.2/googletest/src/gtest_main.cc
Note: Google Test filter = SimulationTest.VictoryConditions
[==========] Running 1 test from 1 test suite.
[----------] Global test environment set-up.
[----------] 1 test from SimulationTest
[ RUN      ] SimulationTest.VictoryConditions
[       OK ] SimulationTest.VictoryConditions (384 ms)
[----------] 1 test from SimulationTest (385 ms total)

[----------] Global test environment tear-down
[==========] 1 test from 1 test suite ran. (385 ms total)
[  PASSED  ] 1 test.
<end of output>
Test time =   0.43 sec
----------------------------------------------------------
Test Passed.
"SimulationTest.VictoryConditions" end time: Mar 16 13:10 EDT
"SimulationTest.VictoryConditions" time elapsed: 00:00:00
----------------------------------------------------------

199/211 Testing: SimulationTest.LoadScenarioFromFile
199/211 Test: SimulationTest.LoadScenarioFromFile
Command: "/home/chris/Documents/Projects/grisha/karkas/build/tests/karkas_tests" "--gtest_filter=SimulationTest.LoadScenarioFromFile" "--gtest_also_run_disabled_tests"
Directory: /home/chris/Documents/Projects/grisha/karkas/build/tests
"SimulationTest.LoadScenarioFromFile" start time: Mar 16 13:10 EDT
Output:
----------------------------------------------------------
Running main() from /builddir/build/BUILD/gtest-1.15.2-build/googletest-1.15.2/googletest/src/gtest_main.cc
Note: Google Test filter = SimulationTest.LoadScenarioFromFile
[==========] Running 1 test from 1 test suite.
[----------] Global test environment set-up.
[----------] 1 test from SimulationTest
[ RUN      ] SimulationTest.LoadScenarioFromFile
[       OK ] SimulationTest.LoadScenarioFromFile (1 ms)
[----------] 1 test from SimulationTest (1 ms total)

[----------] Global test environment tear-down
[==========] 1 test from 1 test suite ran. (1 ms total)
[  PASSED  ] 1 test.
<end of output>
Test time =   0.05 sec
----------------------------------------------------------
Test Passed.
"SimulationTest.LoadScenarioFromFile" end time: Mar 16 13:10 EDT
"SimulationTest.LoadScenarioFromFile" time elapsed: 00:00:00
----------------------------------------------------------

200/211 Testing: GameStateTest.InitialTurn
200/211 Test: GameStateTest.InitialTurn
Command: "/home/chris/Documents/Projects/grisha/karkas/build/tests/karkas_tests" "--gtest_filter=GameStateTest.InitialTurn" "--gtest_also_run_disabled_tests"
Directory: /home/chris/Documents/Projects/grisha/karkas/build/tests
"GameStateTest.InitialTurn" start time: Mar 16 13:10 EDT
Output:
----------------------------------------------------------
Running main() from /builddir/build/BUILD/gtest-1.15.2-build/googletest-1.15.2/googletest/src/gtest_main.cc
Note: Google Test filter = GameStateTest.InitialTurn
[==========] Running 1 test from 1 test suite.
[----------] Global test environment set-up.
[----------] 1 test from GameStateTest
[ RUN      ] GameStateTest.InitialTurn
[       OK ] GameStateTest.InitialTurn (0 ms)
[----------] 1 test from GameStateTest (0 ms total)

[----------] Global test environment tear-down
[==========] 1 test from 1 test suite ran. (0 ms total)
[  PASSED  ] 1 test.
<end of output>
Test time =   0.04 sec
----------------------------------------------------------
Test Passed.
"GameStateTest.InitialTurn" end time: Mar 16 13:10 EDT
"GameStateTest.InitialTurn" time elapsed: 00:00:00
----------------------------------------------------------

201/211 Testing: GameStateTest.AdvanceTurn
201/211 Test: GameStateTest.AdvanceTurn
Command: "/home/chris/Documents/Projects/grisha/karkas/build/tests/karkas_tests" "--gtest_filter=GameStateTest.AdvanceTurn" "--gtest_also_run_disabled_tests"
Directory: /home/chris/Documents/Projects/grisha/karkas/build/tests
"GameStateTest.AdvanceTurn" start time: Mar 16 13:10 EDT
Output:
----------------------------------------------------------
Running main() from /builddir/build/BUILD/gtest-1.15.2-build/googletest-1.15.2/googletest/src/gtest_main.cc
Note: Google Test filter = GameStateTest.AdvanceTurn
[==========] Running 1 test from 1 test suite.
[----------] Global test environment set-up.
[----------] 1 test from GameStateTest
[ RUN      ] GameStateTest.AdvanceTurn
[       OK ] GameStateTest.AdvanceTurn (0 ms)
[----------] 1 test from GameStateTest (0 ms total)

[----------] Global test environment tear-down
[==========] 1 test from 1 test suite ran. (0 ms total)
[  PASSED  ] 1 test.
<end of output>
Test time =   0.04 sec
----------------------------------------------------------
Test Passed.
"GameStateTest.AdvanceTurn" end time: Mar 16 13:10 EDT
"GameStateTest.AdvanceTurn" time elapsed: 00:00:00
----------------------------------------------------------

202/211 Testing: GameStateTest.TurnStateAccess
202/211 Test: GameStateTest.TurnStateAccess
Command: "/home/chris/Documents/Projects/grisha/karkas/build/tests/karkas_tests" "--gtest_filter=GameStateTest.TurnStateAccess" "--gtest_also_run_disabled_tests"
Directory: /home/chris/Documents/Projects/grisha/karkas/build/tests
"GameStateTest.TurnStateAccess" start time: Mar 16 13:10 EDT
Output:
----------------------------------------------------------
Running main() from /builddir/build/BUILD/gtest-1.15.2-build/googletest-1.15.2/googletest/src/gtest_main.cc
Note: Google Test filter = GameStateTest.TurnStateAccess
[==========] Running 1 test from 1 test suite.
[----------] Global test environment set-up.
[----------] 1 test from GameStateTest
[ RUN      ] GameStateTest.TurnStateAccess
[       OK ] GameStateTest.TurnStateAccess (0 ms)
[----------] 1 test from GameStateTest (0 ms total)

[----------] Global test environment tear-down
[==========] 1 test from 1 test suite ran. (0 ms total)
[  PASSED  ] 1 test.
<end of output>
Test time =   0.04 sec
----------------------------------------------------------
Test Passed.
"GameStateTest.TurnStateAccess" end time: Mar 16 13:10 EDT
"GameStateTest.TurnStateAccess" time elapsed: 00:00:00
----------------------------------------------------------

203/211 Testing: GameStateTest.OrbatAccess
203/211 Test: GameStateTest.OrbatAccess
Command: "/home/chris/Documents/Projects/grisha/karkas/build/tests/karkas_tests" "--gtest_filter=GameStateTest.OrbatAccess" "--gtest_also_run_disabled_tests"
Directory: /home/chris/Documents/Projects/grisha/karkas/build/tests
"GameStateTest.OrbatAccess" start time: Mar 16 13:10 EDT
Output:
----------------------------------------------------------
Running main() from /builddir/build/BUILD/gtest-1.15.2-build/googletest-1.15.2/googletest/src/gtest_main.cc
Note: Google Test filter = GameStateTest.OrbatAccess
[==========] Running 1 test from 1 test suite.
[----------] Global test environment set-up.
[----------] 1 test from GameStateTest
[ RUN      ] GameStateTest.OrbatAccess
[       OK ] GameStateTest.OrbatAccess (0 ms)
[----------] 1 test from GameStateTest (0 ms total)

[----------] Global test environment tear-down
[==========] 1 test from 1 test suite ran. (0 ms total)
[  PASSED  ] 1 test.
<end of output>
Test time =   0.04 sec
----------------------------------------------------------
Test Passed.
"GameStateTest.OrbatAccess" end time: Mar 16 13:10 EDT
"GameStateTest.OrbatAccess" time elapsed: 00:00:00
----------------------------------------------------------

204/211 Testing: GameStateTest.QueueOrder
204/211 Test: GameStateTest.QueueOrder
Command: "/home/chris/Documents/Projects/grisha/karkas/build/tests/karkas_tests" "--gtest_filter=GameStateTest.QueueOrder" "--gtest_also_run_disabled_tests"
Directory: /home/chris/Documents/Projects/grisha/karkas/build/tests
"GameStateTest.QueueOrder" start time: Mar 16 13:10 EDT
Output:
----------------------------------------------------------
Running main() from /builddir/build/BUILD/gtest-1.15.2-build/googletest-1.15.2/googletest/src/gtest_main.cc
Note: Google Test filter = GameStateTest.QueueOrder
[==========] Running 1 test from 1 test suite.
[----------] Global test environment set-up.
[----------] 1 test from GameStateTest
[ RUN      ] GameStateTest.QueueOrder
[       OK ] GameStateTest.QueueOrder (0 ms)
[----------] 1 test from GameStateTest (0 ms total)

[----------] Global test environment tear-down
[==========] 1 test from 1 test suite ran. (0 ms total)
[  PASSED  ] 1 test.
<end of output>
Test time =   0.04 sec
----------------------------------------------------------
Test Passed.
"GameStateTest.QueueOrder" end time: Mar 16 13:10 EDT
"GameStateTest.QueueOrder" time elapsed: 00:00:00
----------------------------------------------------------

205/211 Testing: GameStateTest.ClearPendingOrders
205/211 Test: GameStateTest.ClearPendingOrders
Command: "/home/chris/Documents/Projects/grisha/karkas/build/tests/karkas_tests" "--gtest_filter=GameStateTest.ClearPendingOrders" "--gtest_also_run_disabled_tests"
Directory: /home/chris/Documents/Projects/grisha/karkas/build/tests
"GameStateTest.ClearPendingOrders" start time: Mar 16 13:10 EDT
Output:
----------------------------------------------------------
Running main() from /builddir/build/BUILD/gtest-1.15.2-build/googletest-1.15.2/googletest/src/gtest_main.cc
Note: Google Test filter = GameStateTest.ClearPendingOrders
[==========] Running 1 test from 1 test suite.
[----------] Global test environment set-up.
[----------] 1 test from GameStateTest
[ RUN      ] GameStateTest.ClearPendingOrders
[       OK ] GameStateTest.ClearPendingOrders (0 ms)
[----------] 1 test from GameStateTest (0 ms total)

[----------] Global test environment tear-down
[==========] 1 test from 1 test suite ran. (0 ms total)
[  PASSED  ] 1 test.
<end of output>
Test time =   0.04 sec
----------------------------------------------------------
Test Passed.
"GameStateTest.ClearPendingOrders" end time: Mar 16 13:10 EDT
"GameStateTest.ClearPendingOrders" time elapsed: 00:00:00
----------------------------------------------------------

206/211 Testing: GameStateTest.PerceptionAccess
206/211 Test: GameStateTest.PerceptionAccess
Command: "/home/chris/Documents/Projects/grisha/karkas/build/tests/karkas_tests" "--gtest_filter=GameStateTest.PerceptionAccess" "--gtest_also_run_disabled_tests"
Directory: /home/chris/Documents/Projects/grisha/karkas/build/tests
"GameStateTest.PerceptionAccess" start time: Mar 16 13:10 EDT
Output:
----------------------------------------------------------
Running main() from /builddir/build/BUILD/gtest-1.15.2-build/googletest-1.15.2/googletest/src/gtest_main.cc
Note: Google Test filter = GameStateTest.PerceptionAccess
[==========] Running 1 test from 1 test suite.
[----------] Global test environment set-up.
[----------] 1 test from GameStateTest
[ RUN      ] GameStateTest.PerceptionAccess
[       OK ] GameStateTest.PerceptionAccess (0 ms)
[----------] 1 test from GameStateTest (0 ms total)

[----------] Global test environment tear-down
[==========] 1 test from 1 test suite ran. (0 ms total)
[  PASSED  ] 1 test.
<end of output>
Test time =   0.04 sec
----------------------------------------------------------
Test Passed.
"GameStateTest.PerceptionAccess" end time: Mar 16 13:10 EDT
"GameStateTest.PerceptionAccess" time elapsed: 00:00:00
----------------------------------------------------------

207/211 Testing: GameStateTest.ControlZones
207/211 Test: GameStateTest.ControlZones
Command: "/home/chris/Documents/Projects/grisha/karkas/build/tests/karkas_tests" "--gtest_filter=GameStateTest.ControlZones" "--gtest_also_run_disabled_tests"
Directory: /home/chris/Documents/Projects/grisha/karkas/build/tests
"GameStateTest.ControlZones" start time: Mar 16 13:10 EDT
Output:
----------------------------------------------------------
Running main() from /builddir/build/BUILD/gtest-1.15.2-build/googletest-1.15.2/googletest/src/gtest_main.cc
Note: Google Test filter = GameStateTest.ControlZones
[==========] Running 1 test from 1 test suite.
[----------] Global test environment set-up.
[----------] 1 test from GameStateTest
[ RUN      ] GameStateTest.ControlZones
[       OK ] GameStateTest.ControlZones (0 ms)
[----------] 1 test from GameStateTest (0 ms total)

[----------] Global test environment tear-down
[==========] 1 test from 1 test suite ran. (0 ms total)
[  PASSED  ] 1 test.
<end of output>
Test time =   0.04 sec
----------------------------------------------------------
Test Passed.
"GameStateTest.ControlZones" end time: Mar 16 13:10 EDT
"GameStateTest.ControlZones" time elapsed: 00:00:00
----------------------------------------------------------

208/211 Testing: GameStateTest.EventLogging
208/211 Test: GameStateTest.EventLogging
Command: "/home/chris/Documents/Projects/grisha/karkas/build/tests/karkas_tests" "--gtest_filter=GameStateTest.EventLogging" "--gtest_also_run_disabled_tests"
Directory: /home/chris/Documents/Projects/grisha/karkas/build/tests
"GameStateTest.EventLogging" start time: Mar 16 13:10 EDT
Output:
----------------------------------------------------------
Running main() from /builddir/build/BUILD/gtest-1.15.2-build/googletest-1.15.2/googletest/src/gtest_main.cc
Note: Google Test filter = GameStateTest.EventLogging
[==========] Running 1 test from 1 test suite.
[----------] Global test environment set-up.
[----------] 1 test from GameStateTest
[ RUN      ] GameStateTest.EventLogging
[       OK ] GameStateTest.EventLogging (0 ms)
[----------] 1 test from GameStateTest (0 ms total)

[----------] Global test environment tear-down
[==========] 1 test from 1 test suite ran. (0 ms total)
[  PASSED  ] 1 test.
<end of output>
Test time =   0.05 sec
----------------------------------------------------------
Test Passed.
"GameStateTest.EventLogging" end time: Mar 16 13:10 EDT
"GameStateTest.EventLogging" time elapsed: 00:00:00
----------------------------------------------------------

209/211 Testing: GameStateTest.GetEventsForTurn
209/211 Test: GameStateTest.GetEventsForTurn
Command: "/home/chris/Documents/Projects/grisha/karkas/build/tests/karkas_tests" "--gtest_filter=GameStateTest.GetEventsForTurn" "--gtest_also_run_disabled_tests"
Directory: /home/chris/Documents/Projects/grisha/karkas/build/tests
"GameStateTest.GetEventsForTurn" start time: Mar 16 13:10 EDT
Output:
----------------------------------------------------------
Running main() from /builddir/build/BUILD/gtest-1.15.2-build/googletest-1.15.2/googletest/src/gtest_main.cc
Note: Google Test filter = GameStateTest.GetEventsForTurn
[==========] Running 1 test from 1 test suite.
[----------] Global test environment set-up.
[----------] 1 test from GameStateTest
[ RUN      ] GameStateTest.GetEventsForTurn
[       OK ] GameStateTest.GetEventsForTurn (0 ms)
[----------] 1 test from GameStateTest (0 ms total)

[----------] Global test environment tear-down
[==========] 1 test from 1 test suite ran. (0 ms total)
[  PASSED  ] 1 test.
<end of output>
Test time =   0.04 sec
----------------------------------------------------------
Test Passed.
"GameStateTest.GetEventsForTurn" end time: Mar 16 13:10 EDT
"GameStateTest.GetEventsForTurn" time elapsed: 00:00:00
----------------------------------------------------------

210/211 Testing: GameStateTest.JsonSerialization
210/211 Test: GameStateTest.JsonSerialization
Command: "/home/chris/Documents/Projects/grisha/karkas/build/tests/karkas_tests" "--gtest_filter=GameStateTest.JsonSerialization" "--gtest_also_run_disabled_tests"
Directory: /home/chris/Documents/Projects/grisha/karkas/build/tests
"GameStateTest.JsonSerialization" start time: Mar 16 13:10 EDT
Output:
----------------------------------------------------------
Running main() from /builddir/build/BUILD/gtest-1.15.2-build/googletest-1.15.2/googletest/src/gtest_main.cc
Note: Google Test filter = GameStateTest.JsonSerialization
[==========] Running 1 test from 1 test suite.
[----------] Global test environment set-up.
[----------] 1 test from GameStateTest
[ RUN      ] GameStateTest.JsonSerialization
[       OK ] GameStateTest.JsonSerialization (0 ms)
[----------] 1 test from GameStateTest (0 ms total)

[----------] Global test environment tear-down
[==========] 1 test from 1 test suite ran. (0 ms total)
[  PASSED  ] 1 test.
<end of output>
Test time =   0.04 sec
----------------------------------------------------------
Test Passed.
"GameStateTest.JsonSerialization" end time: Mar 16 13:10 EDT
"GameStateTest.JsonSerialization" time elapsed: 00:00:00
----------------------------------------------------------

211/211 Testing: GameStateTest.JsonRoundTrip
211/211 Test: GameStateTest.JsonRoundTrip
Command: "/home/chris/Documents/Projects/grisha/karkas/build/tests/karkas_tests" "--gtest_filter=GameStateTest.JsonRoundTrip" "--gtest_also_run_disabled_tests"
Directory: /home/chris/Documents/Projects/grisha/karkas/build/tests
"GameStateTest.JsonRoundTrip" start time: Mar 16 13:10 EDT
Output:
----------------------------------------------------------
Running main() from /builddir/build/BUILD/gtest-1.15.2-build/googletest-1.15.2/googletest/src/gtest_main.cc
Note: Google Test filter = GameStateTest.JsonRoundTrip
[==========] Running 1 test from 1 test suite.
[----------] Global test environment set-up.
[----------] 1 test from GameStateTest
[ RUN      ] GameStateTest.JsonRoundTrip
[       OK ] GameStateTest.JsonRoundTrip (0 ms)
[----------] 1 test from GameStateTest (0 ms total)

[----------] Global test environment tear-down
[==========] 1 test from 1 test suite ran. (0 ms total)
[  PASSED  ] 1 test.
<end of output>
Test time =   0.04 sec
----------------------------------------------------------
Test Passed.
"GameStateTest.JsonRoundTrip" end time: Mar 16 13:10 EDT
"GameStateTest.JsonRoundTrip" time elapsed: 00:00:00
----------------------------------------------------------

End testing: Mar 16 13:10 EDT
